[0.023s] Invoking command in '/home/ros_sandbox/ros_sandbox/workspace/src/build/cpp_pubsub': CMAKE_PREFIX_PATH=${CMAKE_PREFIX_PATH}:/opt/ros/galactic /usr/bin/cmake --build /home/ros_sandbox/ros_sandbox/workspace/src/build/cpp_pubsub -- -j48 -l48
[0.079s] [ 50%] Built target listener
[0.087s] [100%] Built target talker
[0.112s] Invoked command in '/home/ros_sandbox/ros_sandbox/workspace/src/build/cpp_pubsub' returned '0': CMAKE_PREFIX_PATH=${CMAKE_PREFIX_PATH}:/opt/ros/galactic /usr/bin/cmake --build /home/ros_sandbox/ros_sandbox/workspace/src/build/cpp_pubsub -- -j48 -l48
[0.140s] Invoking command in '/home/ros_sandbox/ros_sandbox/workspace/src/build/cpp_pubsub': CMAKE_PREFIX_PATH=${CMAKE_PREFIX_PATH}:/opt/ros/galactic /usr/bin/cmake --install /home/ros_sandbox/ros_sandbox/workspace/src/build/cpp_pubsub
[0.153s] -- Install configuration: ""
[0.153s] -- Up-to-date: /home/ros_sandbox/ros_sandbox/workspace/src/install/cpp_pubsub/lib/cpp_pubsub/talker
[0.153s] -- Up-to-date: /home/ros_sandbox/ros_sandbox/workspace/src/install/cpp_pubsub/lib/cpp_pubsub/listener
[0.153s] -- Up-to-date: /home/ros_sandbox/ros_sandbox/workspace/src/install/cpp_pubsub/share/ament_index/resource_index/package_run_dependencies/cpp_pubsub
[0.153s] -- Up-to-date: /home/ros_sandbox/ros_sandbox/workspace/src/install/cpp_pubsub/share/ament_index/resource_index/parent_prefix_path/cpp_pubsub
[0.153s] -- Up-to-date: /home/ros_sandbox/ros_sandbox/workspace/src/install/cpp_pubsub/share/cpp_pubsub/environment/ament_prefix_path.sh
[0.154s] -- Up-to-date: /home/ros_sandbox/ros_sandbox/workspace/src/install/cpp_pubsub/share/cpp_pubsub/environment/ament_prefix_path.dsv
[0.154s] -- Up-to-date: /home/ros_sandbox/ros_sandbox/workspace/src/install/cpp_pubsub/share/cpp_pubsub/environment/path.sh
[0.154s] -- Up-to-date: /home/ros_sandbox/ros_sandbox/workspace/src/install/cpp_pubsub/share/cpp_pubsub/environment/path.dsv
[0.154s] -- Up-to-date: /home/ros_sandbox/ros_sandbox/workspace/src/install/cpp_pubsub/share/cpp_pubsub/local_setup.bash
[0.154s] -- Up-to-date: /home/ros_sandbox/ros_sandbox/workspace/src/install/cpp_pubsub/share/cpp_pubsub/local_setup.sh
[0.154s] -- Up-to-date: /home/ros_sandbox/ros_sandbox/workspace/src/install/cpp_pubsub/share/cpp_pubsub/local_setup.zsh
[0.154s] -- Up-to-date: /home/ros_sandbox/ros_sandbox/workspace/src/install/cpp_pubsub/share/cpp_pubsub/local_setup.dsv
[0.154s] -- Installing: /home/ros_sandbox/ros_sandbox/workspace/src/install/cpp_pubsub/share/cpp_pubsub/package.dsv
[0.154s] -- Up-to-date: /home/ros_sandbox/ros_sandbox/workspace/src/install/cpp_pubsub/share/ament_index/resource_index/packages/cpp_pubsub
[0.154s] -- Up-to-date: /home/ros_sandbox/ros_sandbox/workspace/src/install/cpp_pubsub/share/cpp_pubsub/cmake/cpp_pubsubConfig.cmake
[0.154s] -- Up-to-date: /home/ros_sandbox/ros_sandbox/workspace/src/install/cpp_pubsub/share/cpp_pubsub/cmake/cpp_pubsubConfig-version.cmake
[0.154s] -- Up-to-date: /home/ros_sandbox/ros_sandbox/workspace/src/install/cpp_pubsub/share/cpp_pubsub/package.xml
[0.162s] Invoked command in '/home/ros_sandbox/ros_sandbox/workspace/src/build/cpp_pubsub' returned '0': CMAKE_PREFIX_PATH=${CMAKE_PREFIX_PATH}:/opt/ros/galactic /usr/bin/cmake --install /home/ros_sandbox/ros_sandbox/workspace/src/build/cpp_pubsub
