[0.013s] Invoking command in '/home/ros_sandbox/ros_sandbox/workspace/build/image_receiver': CMAKE_PREFIX_PATH=${CMAKE_PREFIX_PATH}:/opt/ros/humble /usr/bin/cmake --build /home/ros_sandbox/ros_sandbox/workspace/build/image_receiver -- -j48 -l48
[0.033s] -- Found ament_cmake: 1.3.2 (/opt/ros/humble/share/ament_cmake/cmake)
[0.150s] -- Found rclcpp: 16.0.1 (/opt/ros/humble/share/rclcpp/cmake)
[0.171s] -- Found rosidl_generator_c: 3.1.3 (/opt/ros/humble/share/rosidl_generator_c/cmake)
[0.173s] -- Found rosidl_adapter: 3.1.3 (/opt/ros/humble/share/rosidl_adapter/cmake)
[0.177s] -- Found rosidl_generator_cpp: 3.1.3 (/opt/ros/humble/share/rosidl_generator_cpp/cmake)
[0.186s] -- Using all available rosidl_typesupport_c: rosidl_typesupport_fastrtps_c;rosidl_typesupport_introspection_c
[0.198s] -- Using all available rosidl_typesupport_cpp: rosidl_typesupport_fastrtps_cpp;rosidl_typesupport_introspection_cpp
[0.248s] -- Found rmw_implementation_cmake: 6.1.0 (/opt/ros/humble/share/rmw_implementation_cmake/cmake)
[0.249s] -- Found rmw_fastrtps_cpp: 6.2.1 (/opt/ros/humble/share/rmw_fastrtps_cpp/cmake)
[0.341s] -- Using RMW implementation 'rmw_fastrtps_cpp' as default
[0.467s] -- Found sensor_msgs: 4.2.2 (/opt/ros/humble/share/sensor_msgs/cmake)
[0.573s] [31mCMake Error at CMakeLists.txt:20 (find_package):
[0.573s]   By not providing "FindOpenCV.cmake" in CMAKE_MODULE_PATH this project has
[0.573s]   asked CMake to find a package configuration file provided by "OpenCV", but
[0.573s]   CMake did not find one.
[0.573s] 
[0.573s]   Could not find a package configuration file provided by "OpenCV" with any
[0.573s]   of the following names:
[0.574s] 
[0.574s]     OpenCVConfig.cmake
[0.574s]     opencv-config.cmake
[0.574s] 
[0.574s]   Add the installation prefix of "OpenCV" to CMAKE_PREFIX_PATH or set
[0.574s]   "OpenCV_DIR" to a directory containing one of the above files.  If "OpenCV"
[0.574s]   provides a separate development package or SDK, be sure it has been
[0.574s]   installed.
[0.574s] 
[0.574s] [0m
[0.574s] -- Configuring incomplete, errors occurred!
[0.575s] See also "/home/ros_sandbox/ros_sandbox/workspace/build/image_receiver/CMakeFiles/CMakeOutput.log".
[0.578s] gmake: *** [Makefile:267: cmake_check_build_system] Error 1
[0.580s] Invoked command in '/home/ros_sandbox/ros_sandbox/workspace/build/image_receiver' returned '2': CMAKE_PREFIX_PATH=${CMAKE_PREFIX_PATH}:/opt/ros/humble /usr/bin/cmake --build /home/ros_sandbox/ros_sandbox/workspace/build/image_receiver -- -j48 -l48
