[0.010s] Invoking command in '/home/ros_sandbox/ros_sandbox/workspace/build/cpp_pubsub': CMAKE_PREFIX_PATH=/opt/ros/humble /usr/bin/cmake /home/ros_sandbox/ros_sandbox/workspace/src/cpp_pubsub -DCMAKE_INSTALL_PREFIX=/home/ros_sandbox/ros_sandbox/workspace/install/cpp_pubsub
[0.021s] -- Found ament_cmake: 1.3.2 (/opt/ros/humble/share/ament_cmake/cmake)
[0.144s] -- Found rclcpp: 16.0.1 (/opt/ros/humble/share/rclcpp/cmake)
[0.166s] -- Found rosidl_generator_c: 3.1.3 (/opt/ros/humble/share/rosidl_generator_c/cmake)
[0.168s] -- Found rosidl_adapter: 3.1.3 (/opt/ros/humble/share/rosidl_adapter/cmake)
[0.172s] -- Found rosidl_generator_cpp: 3.1.3 (/opt/ros/humble/share/rosidl_generator_cpp/cmake)
[0.181s] -- Using all available rosidl_typesupport_c: rosidl_typesupport_fastrtps_c;rosidl_typesupport_introspection_c
[0.193s] -- Using all available rosidl_typesupport_cpp: rosidl_typesupport_fastrtps_cpp;rosidl_typesupport_introspection_cpp
[0.241s] -- Found rmw_implementation_cmake: 6.1.0 (/opt/ros/humble/share/rmw_implementation_cmake/cmake)
[0.242s] -- Found rmw_fastrtps_cpp: 6.2.1 (/opt/ros/humble/share/rmw_fastrtps_cpp/cmake)
[0.336s] -- Using RMW implementation 'rmw_fastrtps_cpp' as default
[0.465s] -- Found ament_lint_auto: 0.12.4 (/opt/ros/humble/share/ament_lint_auto/cmake)
[0.518s] -- Added test 'cppcheck' to perform static code analysis on C / C++ code
[0.518s] -- Configured cppcheck include dirs: 
[0.518s] -- Configured cppcheck exclude dirs and/or files: 
[0.519s] -- Added test 'lint_cmake' to check CMake code style
[0.520s] -- Added test 'uncrustify' to check C / C++ code style
[0.520s] -- Configured uncrustify additional arguments: 
[0.520s] -- Added test 'xmllint' to check XML markup files
[0.521s] -- Configuring done
[0.530s] -- Generating done
[0.531s] -- Build files have been written to: /home/ros_sandbox/ros_sandbox/workspace/build/cpp_pubsub
[0.536s] Invoked command in '/home/ros_sandbox/ros_sandbox/workspace/build/cpp_pubsub' returned '0': CMAKE_PREFIX_PATH=/opt/ros/humble /usr/bin/cmake /home/ros_sandbox/ros_sandbox/workspace/src/cpp_pubsub -DCMAKE_INSTALL_PREFIX=/home/ros_sandbox/ros_sandbox/workspace/install/cpp_pubsub
[0.539s] Invoking command in '/home/ros_sandbox/ros_sandbox/workspace/build/cpp_pubsub': CMAKE_PREFIX_PATH=/opt/ros/humble /usr/bin/cmake --build /home/ros_sandbox/ros_sandbox/workspace/build/cpp_pubsub -- -j48 -l48
[0.585s] [ 25%] [32mBuilding CXX object CMakeFiles/listener.dir/src/subscriber_member_function.cpp.o[0m
[0.590s] [ 50%] [32mBuilding CXX object CMakeFiles/talker.dir/src/publisher_member_function.cpp.o[0m
[3.544s] [ 75%] [32m[1mLinking CXX executable talker[0m
[3.672s] [ 75%] Built target talker
[6.408s] [100%] [32m[1mLinking CXX executable listener[0m
[6.655s] [100%] Built target listener
[6.665s] Invoked command in '/home/ros_sandbox/ros_sandbox/workspace/build/cpp_pubsub' returned '0': CMAKE_PREFIX_PATH=/opt/ros/humble /usr/bin/cmake --build /home/ros_sandbox/ros_sandbox/workspace/build/cpp_pubsub -- -j48 -l48
[6.701s] Invoking command in '/home/ros_sandbox/ros_sandbox/workspace/build/cpp_pubsub': CMAKE_PREFIX_PATH=/opt/ros/humble /usr/bin/cmake --install /home/ros_sandbox/ros_sandbox/workspace/build/cpp_pubsub
[6.708s] -- Install configuration: ""
[6.708s] -- Installing: /home/ros_sandbox/ros_sandbox/workspace/install/cpp_pubsub/lib/cpp_pubsub/talker
[6.709s] -- Set runtime path of "/home/ros_sandbox/ros_sandbox/workspace/install/cpp_pubsub/lib/cpp_pubsub/talker" to ""
[6.709s] -- Installing: /home/ros_sandbox/ros_sandbox/workspace/install/cpp_pubsub/lib/cpp_pubsub/listener
[6.712s] -- Set runtime path of "/home/ros_sandbox/ros_sandbox/workspace/install/cpp_pubsub/lib/cpp_pubsub/listener" to ""
[6.712s] -- Installing: /home/ros_sandbox/ros_sandbox/workspace/install/cpp_pubsub/share/ament_index/resource_index/package_run_dependencies/cpp_pubsub
[6.712s] -- Installing: /home/ros_sandbox/ros_sandbox/workspace/install/cpp_pubsub/share/ament_index/resource_index/parent_prefix_path/cpp_pubsub
[6.713s] -- Installing: /home/ros_sandbox/ros_sandbox/workspace/install/cpp_pubsub/share/cpp_pubsub/environment/ament_prefix_path.sh
[6.713s] -- Installing: /home/ros_sandbox/ros_sandbox/workspace/install/cpp_pubsub/share/cpp_pubsub/environment/ament_prefix_path.dsv
[6.713s] -- Installing: /home/ros_sandbox/ros_sandbox/workspace/install/cpp_pubsub/share/cpp_pubsub/environment/path.sh
[6.713s] -- Installing: /home/ros_sandbox/ros_sandbox/workspace/install/cpp_pubsub/share/cpp_pubsub/environment/path.dsv
[6.713s] -- Installing: /home/ros_sandbox/ros_sandbox/workspace/install/cpp_pubsub/share/cpp_pubsub/local_setup.bash
[6.713s] -- Installing: /home/ros_sandbox/ros_sandbox/workspace/install/cpp_pubsub/share/cpp_pubsub/local_setup.sh
[6.713s] -- Installing: /home/ros_sandbox/ros_sandbox/workspace/install/cpp_pubsub/share/cpp_pubsub/local_setup.zsh
[6.714s] -- Installing: /home/ros_sandbox/ros_sandbox/workspace/install/cpp_pubsub/share/cpp_pubsub/local_setup.dsv
[6.714s] -- Installing: /home/ros_sandbox/ros_sandbox/workspace/install/cpp_pubsub/share/cpp_pubsub/package.dsv
[6.714s] -- Installing: /home/ros_sandbox/ros_sandbox/workspace/install/cpp_pubsub/share/ament_index/resource_index/packages/cpp_pubsub
[6.714s] -- Installing: /home/ros_sandbox/ros_sandbox/workspace/install/cpp_pubsub/share/cpp_pubsub/cmake/cpp_pubsubConfig.cmake
[6.714s] -- Installing: /home/ros_sandbox/ros_sandbox/workspace/install/cpp_pubsub/share/cpp_pubsub/cmake/cpp_pubsubConfig-version.cmake
[6.714s] -- Installing: /home/ros_sandbox/ros_sandbox/workspace/install/cpp_pubsub/share/cpp_pubsub/package.xml
[6.716s] Invoked command in '/home/ros_sandbox/ros_sandbox/workspace/build/cpp_pubsub' returned '0': CMAKE_PREFIX_PATH=/opt/ros/humble /usr/bin/cmake --install /home/ros_sandbox/ros_sandbox/workspace/build/cpp_pubsub
