[0.013s] Invoking command in '/home/ros_sandbox/ros_sandbox/workspace/build/image_receiver': CMAKE_PREFIX_PATH=${CMAKE_PREFIX_PATH}:/opt/ros/humble /usr/bin/cmake /home/ros_sandbox/ros_sandbox/workspace/src/image_receiver -DCMAKE_INSTALL_PREFIX=/home/ros_sandbox/ros_sandbox/workspace/install/image_receiver
[0.029s] -- Found ament_cmake: 1.3.2 (/opt/ros/humble/share/ament_cmake/cmake)
[0.145s] -- Found rclcpp: 16.0.1 (/opt/ros/humble/share/rclcpp/cmake)
[0.167s] -- Found rosidl_generator_c: 3.1.3 (/opt/ros/humble/share/rosidl_generator_c/cmake)
[0.169s] -- Found rosidl_adapter: 3.1.3 (/opt/ros/humble/share/rosidl_adapter/cmake)
[0.173s] -- Found rosidl_generator_cpp: 3.1.3 (/opt/ros/humble/share/rosidl_generator_cpp/cmake)
[0.182s] -- Using all available rosidl_typesupport_c: rosidl_typesupport_fastrtps_c;rosidl_typesupport_introspection_c
[0.196s] -- Using all available rosidl_typesupport_cpp: rosidl_typesupport_fastrtps_cpp;rosidl_typesupport_introspection_cpp
[0.244s] -- Found rmw_implementation_cmake: 6.1.0 (/opt/ros/humble/share/rmw_implementation_cmake/cmake)
[0.245s] -- Found rmw_fastrtps_cpp: 6.2.1 (/opt/ros/humble/share/rmw_fastrtps_cpp/cmake)
[0.341s] -- Using RMW implementation 'rmw_fastrtps_cpp' as default
[0.471s] -- Found ament_lint_auto: 0.12.4 (/opt/ros/humble/share/ament_lint_auto/cmake)
[0.529s] -- Added test 'cppcheck' to perform static code analysis on C / C++ code
[0.529s] -- Configured cppcheck include dirs: 
[0.529s] -- Configured cppcheck exclude dirs and/or files: 
[0.530s] -- Added test 'lint_cmake' to check CMake code style
[0.530s] -- Added test 'uncrustify' to check C / C++ code style
[0.531s] -- Configured uncrustify additional arguments: 
[0.531s] -- Added test 'xmllint' to check XML markup files
[0.531s] -- Configuring done
[0.538s] -- Generating done
[0.539s] -- Build files have been written to: /home/ros_sandbox/ros_sandbox/workspace/build/image_receiver
[0.544s] Invoked command in '/home/ros_sandbox/ros_sandbox/workspace/build/image_receiver' returned '0': CMAKE_PREFIX_PATH=${CMAKE_PREFIX_PATH}:/opt/ros/humble /usr/bin/cmake /home/ros_sandbox/ros_sandbox/workspace/src/image_receiver -DCMAKE_INSTALL_PREFIX=/home/ros_sandbox/ros_sandbox/workspace/install/image_receiver
[0.545s] Invoking command in '/home/ros_sandbox/ros_sandbox/workspace/build/image_receiver': CMAKE_PREFIX_PATH=${CMAKE_PREFIX_PATH}:/opt/ros/humble /usr/bin/cmake --build /home/ros_sandbox/ros_sandbox/workspace/build/image_receiver -- -j48 -l48
[0.597s] [ 50%] [32mBuilding CXX object CMakeFiles/image_receiver.dir/src/image_receiver_node.cpp.o[0m
[0.772s] [01m[K/home/ros_sandbox/ros_sandbox/workspace/src/image_receiver/src/image_receiver_node.cpp:8:10:[m[K [01;31m[Kfatal error: [m[Ksensor_msgs/msg/Image.hpp: No such file or directory
[0.772s]     8 | #include [01;31m[K"sensor_msgs/msg/Image.hpp"[m[K
[0.772s]       |          [01;31m[K^~~~~~~~~~~~~~~~~~~~~~~~~~~[m[K
[0.773s] compilation terminated.
[0.775s] gmake[2]: *** [CMakeFiles/image_receiver.dir/build.make:76: CMakeFiles/image_receiver.dir/src/image_receiver_node.cpp.o] Error 1
[0.775s] gmake[1]: *** [CMakeFiles/Makefile2:137: CMakeFiles/image_receiver.dir/all] Error 2
[0.775s] gmake: *** [Makefile:146: all] Error 2
[0.778s] Invoked command in '/home/ros_sandbox/ros_sandbox/workspace/build/image_receiver' returned '2': CMAKE_PREFIX_PATH=${CMAKE_PREFIX_PATH}:/opt/ros/humble /usr/bin/cmake --build /home/ros_sandbox/ros_sandbox/workspace/build/image_receiver -- -j48 -l48
