[0.023s] Invoking command in '/home/ros_sandbox/ros_sandbox/workspace/src/build/cpp_pubsub': CMAKE_PREFIX_PATH=${CMAKE_PREFIX_PATH}:/opt/ros/galactic /usr/bin/cmake /home/ros_sandbox/ros_sandbox/workspace/src/cpp_pubsub -DCMAKE_INSTALL_PREFIX=/home/ros_sandbox/ros_sandbox/workspace/src/install/cpp_pubsub
[0.169s] -- The C compiler identification is GNU 9.3.0
[0.291s] -- The CXX compiler identification is GNU 9.3.0
[0.299s] -- Check for working C compiler: /usr/bin/cc
[0.372s] -- Check for working C compiler: /usr/bin/cc -- works
[0.374s] -- Detecting C compiler ABI info
[0.457s] -- Detecting C compiler ABI info - done
[0.471s] -- Detecting C compile features
[0.471s] -- Detecting C compile features - done
[0.473s] -- Check for working CXX compiler: /usr/bin/c++
[0.560s] -- Check for working CXX compiler: /usr/bin/c++ -- works
[0.561s] -- Detecting CXX compiler ABI info
[0.650s] -- Detecting CXX compiler ABI info - done
[0.664s] -- Detecting CXX compile features
[0.665s] -- Detecting CXX compile features - done
[0.667s] -- Found ament_cmake: 1.1.5 (/opt/ros/galactic/share/ament_cmake/cmake)
[0.687s] -- Found PythonInterp: /usr/bin/python3 (found suitable version "3.8.10", minimum required is "3") 
[0.688s] -- Using PYTHON_EXECUTABLE: /usr/bin/python3
[0.761s] -- Found rclcpp: 9.2.0 (/opt/ros/galactic/share/rclcpp/cmake)
[0.811s] -- Using single rosidl_typesupport_c: rosidl_typesupport_introspection_c
[0.819s] -- Found rosidl_adapter: 2.2.1 (/opt/ros/galactic/share/rosidl_adapter/cmake)
[0.839s] -- Using single rosidl_typesupport_cpp: rosidl_typesupport_introspection_cpp
[0.899s] -- Found rmw_implementation_cmake: 3.3.1 (/opt/ros/galactic/share/rmw_implementation_cmake/cmake)
[0.902s] -- Found rmw_cyclonedds_cpp: 0.22.4 (/opt/ros/galactic/share/rmw_cyclonedds_cpp/cmake)
[0.923s] -- Using RMW implementation 'rmw_cyclonedds_cpp' as default
[0.924s] -- Looking for pthread.h
[1.001s] -- Looking for pthread.h - found
[1.001s] -- Performing Test CMAKE_HAVE_LIBC_PTHREAD
[1.076s] -- Performing Test CMAKE_HAVE_LIBC_PTHREAD - Failed
[1.077s] -- Looking for pthread_create in pthreads
[1.156s] -- Looking for pthread_create in pthreads - not found
[1.157s] -- Looking for pthread_create in pthread
[1.243s] -- Looking for pthread_create in pthread - found
[1.244s] -- Found Threads: TRUE  
[1.370s] -- Found ament_lint_auto: 0.10.6 (/opt/ros/galactic/share/ament_lint_auto/cmake)
[1.430s] -- Added test 'cppcheck' to perform static code analysis on C / C++ code
[1.430s] -- Configured cppcheck include dirs: 
[1.430s] -- Configured cppcheck exclude dirs and/or files: 
[1.430s] -- Added test 'lint_cmake' to check CMake code style
[1.431s] -- Added test 'uncrustify' to check C / C++ code style
[1.431s] -- Configured uncrustify additional arguments: 
[1.432s] -- Added test 'xmllint' to check XML markup files
[1.434s] -- Configuring done
[1.442s] -- Generating done
[1.443s] -- Build files have been written to: /home/ros_sandbox/ros_sandbox/workspace/src/build/cpp_pubsub
[1.448s] Invoked command in '/home/ros_sandbox/ros_sandbox/workspace/src/build/cpp_pubsub' returned '0': CMAKE_PREFIX_PATH=${CMAKE_PREFIX_PATH}:/opt/ros/galactic /usr/bin/cmake /home/ros_sandbox/ros_sandbox/workspace/src/cpp_pubsub -DCMAKE_INSTALL_PREFIX=/home/ros_sandbox/ros_sandbox/workspace/src/install/cpp_pubsub
[1.449s] Invoking command in '/home/ros_sandbox/ros_sandbox/workspace/src/build/cpp_pubsub': CMAKE_PREFIX_PATH=${CMAKE_PREFIX_PATH}:/opt/ros/galactic /usr/bin/cmake --build /home/ros_sandbox/ros_sandbox/workspace/src/build/cpp_pubsub -- -j48 -l48
[1.501s] [35m[1mScanning dependencies of target listener[0m
[1.503s] [35m[1mScanning dependencies of target talker[0m
[1.600s] [ 25%] [32mBuilding CXX object CMakeFiles/talker.dir/src/publisher_member_function.cpp.o[0m
[1.600s] [ 50%] [32mBuilding CXX object CMakeFiles/listener.dir/src/subscriber_member_function.cpp.o[0m
[4.372s] [ 75%] [32m[1mLinking CXX executable talker[0m
[4.521s] [ 75%] Built target talker
[6.593s] [100%] [32m[1mLinking CXX executable listener[0m
[6.806s] [100%] Built target listener
