[0.167s] DEBUG:colcon:Command line arguments: ['/usr/bin/colcon', 'build']
[0.167s] DEBUG:colcon:Parsed command line arguments: Namespace(log_base=None, log_level=None, verb_name='build', build_base='build', install_base='install', merge_install=False, symlink_install=False, test_result_base=None, continue_on_error=False, executor='parallel', parallel_workers=48, event_handlers=None, ignore_user_meta=False, metas=['./colcon.meta'], base_paths=['.'], packages_ignore=None, packages_ignore_regex=None, paths=None, packages_up_to=None, packages_up_to_regex=None, packages_above=None, packages_above_and_dependencies=None, packages_above_depth=None, packages_select_by_dep=None, packages_skip_by_dep=None, packages_skip_up_to=None, packages_select_build_failed=False, packages_skip_build_finished=False, packages_select_test_failures=False, packages_skip_test_passed=False, packages_select=None, packages_skip=None, packages_select_regex=None, packages_skip_regex=None, packages_start=None, packages_end=None, cmake_args=None, cmake_target=None, cmake_target_skip_unavailable=False, cmake_clean_cache=False, cmake_clean_first=False, cmake_force_configure=False, ament_cmake_args=None, catkin_cmake_args=None, catkin_skip_building_tests=False, mixin_files=None, mixin=None, verb_parser=<colcon_mixin.mixin.mixin_argument.MixinArgumentDecorator object at 0x7f4acd51a290>, verb_extension=<colcon_core.verb.build.BuildVerb object at 0x7f4acdc955d0>, main=<bound method BuildVerb.main of <colcon_core.verb.build.BuildVerb object at 0x7f4acdc955d0>>, mixin_verb=('build',))
[0.182s] Level 1:colcon.colcon_core.package_discovery:discover_packages(colcon_meta) check parameters
[0.182s] Level 1:colcon.colcon_core.package_discovery:discover_packages(recursive) check parameters
[0.182s] Level 1:colcon.colcon_core.package_discovery:discover_packages(ignore) check parameters
[0.182s] Level 1:colcon.colcon_core.package_discovery:discover_packages(path) check parameters
[0.182s] Level 1:colcon.colcon_core.package_discovery:discover_packages(colcon_meta) discover
[0.182s] Level 1:colcon.colcon_core.package_discovery:discover_packages(recursive) discover
[0.182s] INFO:colcon.colcon_core.package_discovery:Crawling recursively for packages in '/home/ros_sandbox/ros_sandbox/workspace'
[0.182s] Level 1:colcon.colcon_core.package_identification:_identify(.) by extensions ['ignore', 'ignore_ament_install']
[0.182s] Level 1:colcon.colcon_core.package_identification:_identify(.) by extension 'ignore'
[0.182s] Level 1:colcon.colcon_core.package_identification:_identify(.) by extension 'ignore_ament_install'
[0.182s] Level 1:colcon.colcon_core.package_identification:_identify(.) by extensions ['colcon_pkg']
[0.182s] Level 1:colcon.colcon_core.package_identification:_identify(.) by extension 'colcon_pkg'
[0.183s] Level 1:colcon.colcon_core.package_identification:_identify(.) by extensions ['colcon_meta']
[0.183s] Level 1:colcon.colcon_core.package_identification:_identify(.) by extension 'colcon_meta'
[0.183s] Level 1:colcon.colcon_core.package_identification:_identify(.) by extensions ['ros']
[0.183s] Level 1:colcon.colcon_core.package_identification:_identify(.) by extension 'ros'
[0.191s] Level 1:colcon.colcon_core.package_identification:_identify(.) by extensions ['cmake', 'python']
[0.191s] Level 1:colcon.colcon_core.package_identification:_identify(.) by extension 'cmake'
[0.191s] Level 1:colcon.colcon_core.package_identification:_identify(.) by extension 'python'
[0.191s] Level 1:colcon.colcon_core.package_identification:_identify(.) by extensions ['python_setup_py']
[0.191s] Level 1:colcon.colcon_core.package_identification:_identify(.) by extension 'python_setup_py'
[0.191s] Level 1:colcon.colcon_core.package_identification:_identify(build) by extensions ['ignore', 'ignore_ament_install']
[0.191s] Level 1:colcon.colcon_core.package_identification:_identify(build) by extension 'ignore'
[0.191s] Level 1:colcon.colcon_core.package_identification:_identify(build) ignored
[0.191s] Level 1:colcon.colcon_core.package_identification:_identify(install) by extensions ['ignore', 'ignore_ament_install']
[0.191s] Level 1:colcon.colcon_core.package_identification:_identify(install) by extension 'ignore'
[0.191s] Level 1:colcon.colcon_core.package_identification:_identify(install) ignored
[0.191s] Level 1:colcon.colcon_core.package_identification:_identify(log) by extensions ['ignore', 'ignore_ament_install']
[0.191s] Level 1:colcon.colcon_core.package_identification:_identify(log) by extension 'ignore'
[0.191s] Level 1:colcon.colcon_core.package_identification:_identify(log) ignored
[0.191s] Level 1:colcon.colcon_core.package_identification:_identify(src) by extensions ['ignore', 'ignore_ament_install']
[0.191s] Level 1:colcon.colcon_core.package_identification:_identify(src) by extension 'ignore'
[0.191s] Level 1:colcon.colcon_core.package_identification:_identify(src) by extension 'ignore_ament_install'
[0.192s] Level 1:colcon.colcon_core.package_identification:_identify(src) by extensions ['colcon_pkg']
[0.192s] Level 1:colcon.colcon_core.package_identification:_identify(src) by extension 'colcon_pkg'
[0.192s] Level 1:colcon.colcon_core.package_identification:_identify(src) by extensions ['colcon_meta']
[0.192s] Level 1:colcon.colcon_core.package_identification:_identify(src) by extension 'colcon_meta'
[0.192s] Level 1:colcon.colcon_core.package_identification:_identify(src) by extensions ['ros']
[0.192s] Level 1:colcon.colcon_core.package_identification:_identify(src) by extension 'ros'
[0.192s] Level 1:colcon.colcon_core.package_identification:_identify(src) by extensions ['cmake', 'python']
[0.192s] Level 1:colcon.colcon_core.package_identification:_identify(src) by extension 'cmake'
[0.192s] Level 1:colcon.colcon_core.package_identification:_identify(src) by extension 'python'
[0.192s] Level 1:colcon.colcon_core.package_identification:_identify(src) by extensions ['python_setup_py']
[0.192s] Level 1:colcon.colcon_core.package_identification:_identify(src) by extension 'python_setup_py'
[0.192s] Level 1:colcon.colcon_core.package_identification:_identify(src/build) by extensions ['ignore', 'ignore_ament_install']
[0.192s] Level 1:colcon.colcon_core.package_identification:_identify(src/build) by extension 'ignore'
[0.192s] Level 1:colcon.colcon_core.package_identification:_identify(src/build) ignored
[0.192s] Level 1:colcon.colcon_core.package_identification:_identify(src/cpp_pubsub) by extensions ['ignore', 'ignore_ament_install']
[0.192s] Level 1:colcon.colcon_core.package_identification:_identify(src/cpp_pubsub) by extension 'ignore'
[0.192s] Level 1:colcon.colcon_core.package_identification:_identify(src/cpp_pubsub) by extension 'ignore_ament_install'
[0.192s] Level 1:colcon.colcon_core.package_identification:_identify(src/cpp_pubsub) by extensions ['colcon_pkg']
[0.192s] Level 1:colcon.colcon_core.package_identification:_identify(src/cpp_pubsub) by extension 'colcon_pkg'
[0.192s] Level 1:colcon.colcon_core.package_identification:_identify(src/cpp_pubsub) by extensions ['colcon_meta']
[0.192s] Level 1:colcon.colcon_core.package_identification:_identify(src/cpp_pubsub) by extension 'colcon_meta'
[0.192s] Level 1:colcon.colcon_core.package_identification:_identify(src/cpp_pubsub) by extensions ['ros']
[0.192s] Level 1:colcon.colcon_core.package_identification:_identify(src/cpp_pubsub) by extension 'ros'
[0.194s] DEBUG:colcon.colcon_core.package_identification:Package 'src/cpp_pubsub' with type 'ros.ament_cmake' and name 'cpp_pubsub'
[0.194s] Level 1:colcon.colcon_core.package_identification:_identify(src/image_receiver) by extensions ['ignore', 'ignore_ament_install']
[0.194s] Level 1:colcon.colcon_core.package_identification:_identify(src/image_receiver) by extension 'ignore'
[0.194s] Level 1:colcon.colcon_core.package_identification:_identify(src/image_receiver) by extension 'ignore_ament_install'
[0.194s] Level 1:colcon.colcon_core.package_identification:_identify(src/image_receiver) by extensions ['colcon_pkg']
[0.194s] Level 1:colcon.colcon_core.package_identification:_identify(src/image_receiver) by extension 'colcon_pkg'
[0.194s] Level 1:colcon.colcon_core.package_identification:_identify(src/image_receiver) by extensions ['colcon_meta']
[0.194s] Level 1:colcon.colcon_core.package_identification:_identify(src/image_receiver) by extension 'colcon_meta'
[0.194s] Level 1:colcon.colcon_core.package_identification:_identify(src/image_receiver) by extensions ['ros']
[0.194s] Level 1:colcon.colcon_core.package_identification:_identify(src/image_receiver) by extension 'ros'
[0.195s] DEBUG:colcon.colcon_core.package_identification:Package 'src/image_receiver' with type 'ros.ament_cmake' and name 'image_receiver'
[0.195s] Level 1:colcon.colcon_core.package_identification:_identify(src/image_spawner) by extensions ['ignore', 'ignore_ament_install']
[0.195s] Level 1:colcon.colcon_core.package_identification:_identify(src/image_spawner) by extension 'ignore'
[0.195s] Level 1:colcon.colcon_core.package_identification:_identify(src/image_spawner) by extension 'ignore_ament_install'
[0.195s] Level 1:colcon.colcon_core.package_identification:_identify(src/image_spawner) by extensions ['colcon_pkg']
[0.195s] Level 1:colcon.colcon_core.package_identification:_identify(src/image_spawner) by extension 'colcon_pkg'
[0.195s] Level 1:colcon.colcon_core.package_identification:_identify(src/image_spawner) by extensions ['colcon_meta']
[0.195s] Level 1:colcon.colcon_core.package_identification:_identify(src/image_spawner) by extension 'colcon_meta'
[0.195s] Level 1:colcon.colcon_core.package_identification:_identify(src/image_spawner) by extensions ['ros']
[0.195s] Level 1:colcon.colcon_core.package_identification:_identify(src/image_spawner) by extension 'ros'
[0.195s] DEBUG:colcon.colcon_core.package_identification:Package 'src/image_spawner' with type 'ros.ament_cmake' and name 'image_spawner'
[0.195s] Level 1:colcon.colcon_core.package_identification:_identify(src/install) by extensions ['ignore', 'ignore_ament_install']
[0.196s] Level 1:colcon.colcon_core.package_identification:_identify(src/install) by extension 'ignore'
[0.196s] Level 1:colcon.colcon_core.package_identification:_identify(src/install) ignored
[0.196s] Level 1:colcon.colcon_core.package_identification:_identify(src/log) by extensions ['ignore', 'ignore_ament_install']
[0.196s] Level 1:colcon.colcon_core.package_identification:_identify(src/log) by extension 'ignore'
[0.196s] Level 1:colcon.colcon_core.package_identification:_identify(src/log) ignored
[0.196s] Level 1:colcon.colcon_core.package_discovery:discover_packages(recursive) using defaults
[0.196s] Level 1:colcon.colcon_core.package_discovery:discover_packages(ignore) discover
[0.196s] Level 1:colcon.colcon_core.package_discovery:discover_packages(ignore) using defaults
[0.196s] Level 1:colcon.colcon_core.package_discovery:discover_packages(path) discover
[0.196s] Level 1:colcon.colcon_core.package_discovery:discover_packages(path) using defaults
[0.211s] Level 5:colcon.colcon_core.verb:set package 'cpp_pubsub' build argument 'cmake_args' from command line to 'None'
[0.211s] Level 5:colcon.colcon_core.verb:set package 'cpp_pubsub' build argument 'cmake_target' from command line to 'None'
[0.211s] Level 5:colcon.colcon_core.verb:set package 'cpp_pubsub' build argument 'cmake_target_skip_unavailable' from command line to 'False'
[0.211s] Level 5:colcon.colcon_core.verb:set package 'cpp_pubsub' build argument 'cmake_clean_cache' from command line to 'False'
[0.211s] Level 5:colcon.colcon_core.verb:set package 'cpp_pubsub' build argument 'cmake_clean_first' from command line to 'False'
[0.211s] Level 5:colcon.colcon_core.verb:set package 'cpp_pubsub' build argument 'cmake_force_configure' from command line to 'False'
[0.211s] Level 5:colcon.colcon_core.verb:set package 'cpp_pubsub' build argument 'ament_cmake_args' from command line to 'None'
[0.211s] Level 5:colcon.colcon_core.verb:set package 'cpp_pubsub' build argument 'catkin_cmake_args' from command line to 'None'
[0.211s] Level 5:colcon.colcon_core.verb:set package 'cpp_pubsub' build argument 'catkin_skip_building_tests' from command line to 'False'
[0.211s] DEBUG:colcon.colcon_core.verb:Building package 'cpp_pubsub' with the following arguments: {'ament_cmake_args': None, 'build_base': '/home/ros_sandbox/ros_sandbox/workspace/build/cpp_pubsub', 'catkin_cmake_args': None, 'catkin_skip_building_tests': False, 'cmake_args': None, 'cmake_clean_cache': False, 'cmake_clean_first': False, 'cmake_force_configure': False, 'cmake_target': None, 'cmake_target_skip_unavailable': False, 'install_base': '/home/ros_sandbox/ros_sandbox/workspace/install/cpp_pubsub', 'merge_install': False, 'path': '/home/ros_sandbox/ros_sandbox/workspace/src/cpp_pubsub', 'symlink_install': False, 'test_result_base': None}
[0.212s] Level 5:colcon.colcon_core.verb:set package 'image_receiver' build argument 'cmake_args' from command line to 'None'
[0.212s] Level 5:colcon.colcon_core.verb:set package 'image_receiver' build argument 'cmake_target' from command line to 'None'
[0.212s] Level 5:colcon.colcon_core.verb:set package 'image_receiver' build argument 'cmake_target_skip_unavailable' from command line to 'False'
[0.212s] Level 5:colcon.colcon_core.verb:set package 'image_receiver' build argument 'cmake_clean_cache' from command line to 'False'
[0.212s] Level 5:colcon.colcon_core.verb:set package 'image_receiver' build argument 'cmake_clean_first' from command line to 'False'
[0.212s] Level 5:colcon.colcon_core.verb:set package 'image_receiver' build argument 'cmake_force_configure' from command line to 'False'
[0.212s] Level 5:colcon.colcon_core.verb:set package 'image_receiver' build argument 'ament_cmake_args' from command line to 'None'
[0.212s] Level 5:colcon.colcon_core.verb:set package 'image_receiver' build argument 'catkin_cmake_args' from command line to 'None'
[0.212s] Level 5:colcon.colcon_core.verb:set package 'image_receiver' build argument 'catkin_skip_building_tests' from command line to 'False'
[0.212s] DEBUG:colcon.colcon_core.verb:Building package 'image_receiver' with the following arguments: {'ament_cmake_args': None, 'build_base': '/home/ros_sandbox/ros_sandbox/workspace/build/image_receiver', 'catkin_cmake_args': None, 'catkin_skip_building_tests': False, 'cmake_args': None, 'cmake_clean_cache': False, 'cmake_clean_first': False, 'cmake_force_configure': False, 'cmake_target': None, 'cmake_target_skip_unavailable': False, 'install_base': '/home/ros_sandbox/ros_sandbox/workspace/install/image_receiver', 'merge_install': False, 'path': '/home/ros_sandbox/ros_sandbox/workspace/src/image_receiver', 'symlink_install': False, 'test_result_base': None}
[0.212s] Level 5:colcon.colcon_core.verb:set package 'image_spawner' build argument 'cmake_args' from command line to 'None'
[0.212s] Level 5:colcon.colcon_core.verb:set package 'image_spawner' build argument 'cmake_target' from command line to 'None'
[0.212s] Level 5:colcon.colcon_core.verb:set package 'image_spawner' build argument 'cmake_target_skip_unavailable' from command line to 'False'
[0.212s] Level 5:colcon.colcon_core.verb:set package 'image_spawner' build argument 'cmake_clean_cache' from command line to 'False'
[0.212s] Level 5:colcon.colcon_core.verb:set package 'image_spawner' build argument 'cmake_clean_first' from command line to 'False'
[0.212s] Level 5:colcon.colcon_core.verb:set package 'image_spawner' build argument 'cmake_force_configure' from command line to 'False'
[0.212s] Level 5:colcon.colcon_core.verb:set package 'image_spawner' build argument 'ament_cmake_args' from command line to 'None'
[0.212s] Level 5:colcon.colcon_core.verb:set package 'image_spawner' build argument 'catkin_cmake_args' from command line to 'None'
[0.212s] Level 5:colcon.colcon_core.verb:set package 'image_spawner' build argument 'catkin_skip_building_tests' from command line to 'False'
[0.212s] DEBUG:colcon.colcon_core.verb:Building package 'image_spawner' with the following arguments: {'ament_cmake_args': None, 'build_base': '/home/ros_sandbox/ros_sandbox/workspace/build/image_spawner', 'catkin_cmake_args': None, 'catkin_skip_building_tests': False, 'cmake_args': None, 'cmake_clean_cache': False, 'cmake_clean_first': False, 'cmake_force_configure': False, 'cmake_target': None, 'cmake_target_skip_unavailable': False, 'install_base': '/home/ros_sandbox/ros_sandbox/workspace/install/image_spawner', 'merge_install': False, 'path': '/home/ros_sandbox/ros_sandbox/workspace/src/image_spawner', 'symlink_install': False, 'test_result_base': None}
[0.213s] INFO:colcon.colcon_core.executor:Executing jobs using 'parallel' executor
[0.214s] DEBUG:colcon.colcon_parallel_executor.executor.parallel:run_until_complete
[0.214s] INFO:colcon.colcon_ros.task.ament_cmake.build:Building ROS package in '/home/ros_sandbox/ros_sandbox/workspace/src/cpp_pubsub' with build type 'ament_cmake'
[0.215s] INFO:colcon.colcon_cmake.task.cmake.build:Building CMake package in '/home/ros_sandbox/ros_sandbox/workspace/src/cpp_pubsub'
[0.217s] INFO:colcon.colcon_core.plugin_system:Skipping extension 'colcon_core.shell.bat': Not used on non-Windows systems
[0.217s] INFO:colcon.colcon_core.shell:Skip shell extension 'powershell' for command environment: Not usable outside of PowerShell
[0.218s] DEBUG:colcon.colcon_core.shell:Skip shell extension 'dsv' for command environment
[0.221s] INFO:colcon.colcon_ros.task.ament_cmake.build:Building ROS package in '/home/ros_sandbox/ros_sandbox/workspace/src/image_receiver' with build type 'ament_cmake'
[0.221s] INFO:colcon.colcon_cmake.task.cmake.build:Building CMake package in '/home/ros_sandbox/ros_sandbox/workspace/src/image_receiver'
[0.221s] INFO:colcon.colcon_core.shell:Skip shell extension 'powershell' for command environment: Not usable outside of PowerShell
[0.221s] DEBUG:colcon.colcon_core.shell:Skip shell extension 'dsv' for command environment
[0.224s] INFO:colcon.colcon_ros.task.ament_cmake.build:Building ROS package in '/home/ros_sandbox/ros_sandbox/workspace/src/image_spawner' with build type 'ament_cmake'
[0.224s] INFO:colcon.colcon_cmake.task.cmake.build:Building CMake package in '/home/ros_sandbox/ros_sandbox/workspace/src/image_spawner'
[0.224s] INFO:colcon.colcon_core.shell:Skip shell extension 'powershell' for command environment: Not usable outside of PowerShell
[0.224s] DEBUG:colcon.colcon_core.shell:Skip shell extension 'dsv' for command environment
[0.231s] DEBUG:colcon.colcon_core.event_handler.log_command:Invoking command in '/home/ros_sandbox/ros_sandbox/workspace/build/cpp_pubsub': CMAKE_PREFIX_PATH=${CMAKE_PREFIX_PATH}:/opt/ros/humble /usr/bin/cmake --build /home/ros_sandbox/ros_sandbox/workspace/build/cpp_pubsub -- -j48 -l48
[0.234s] DEBUG:colcon.colcon_core.event_handler.log_command:Invoking command in '/home/ros_sandbox/ros_sandbox/workspace/build/image_receiver': CMAKE_PREFIX_PATH=${CMAKE_PREFIX_PATH}:/opt/ros/humble /usr/bin/cmake /home/ros_sandbox/ros_sandbox/workspace/src/image_receiver -DCMAKE_INSTALL_PREFIX=/home/ros_sandbox/ros_sandbox/workspace/install/image_receiver
[0.244s] DEBUG:colcon.colcon_core.event_handler.log_command:Invoking command in '/home/ros_sandbox/ros_sandbox/workspace/build/image_spawner': CMAKE_PREFIX_PATH=${CMAKE_PREFIX_PATH}:/opt/ros/humble /usr/bin/cmake /home/ros_sandbox/ros_sandbox/workspace/src/image_spawner -DCMAKE_INSTALL_PREFIX=/home/ros_sandbox/ros_sandbox/workspace/install/image_spawner
[0.300s] DEBUG:colcon.colcon_core.event_handler.log_command:Invoked command in '/home/ros_sandbox/ros_sandbox/workspace/build/cpp_pubsub' returned '0': CMAKE_PREFIX_PATH=${CMAKE_PREFIX_PATH}:/opt/ros/humble /usr/bin/cmake --build /home/ros_sandbox/ros_sandbox/workspace/build/cpp_pubsub -- -j48 -l48
[0.333s] DEBUG:colcon.colcon_core.event_handler.log_command:Invoking command in '/home/ros_sandbox/ros_sandbox/workspace/build/cpp_pubsub': CMAKE_PREFIX_PATH=${CMAKE_PREFIX_PATH}:/opt/ros/humble /usr/bin/cmake --install /home/ros_sandbox/ros_sandbox/workspace/build/cpp_pubsub
[0.344s] Level 1:colcon.colcon_core.environment:create_environment_scripts_only(cpp_pubsub)
[0.344s] DEBUG:colcon.colcon_core.event_handler.log_command:Invoked command in '/home/ros_sandbox/ros_sandbox/workspace/build/cpp_pubsub' returned '0': CMAKE_PREFIX_PATH=${CMAKE_PREFIX_PATH}:/opt/ros/humble /usr/bin/cmake --install /home/ros_sandbox/ros_sandbox/workspace/build/cpp_pubsub
[0.351s] Level 1:colcon.colcon_core.environment:checking '/home/ros_sandbox/ros_sandbox/workspace/install/cpp_pubsub' for CMake module files
[0.351s] Level 1:colcon.colcon_core.environment:checking '/home/ros_sandbox/ros_sandbox/workspace/install/cpp_pubsub' for CMake config files
[0.352s] Level 1:colcon.colcon_core.shell:create_environment_hook('cpp_pubsub', 'cmake_prefix_path')
[0.352s] INFO:colcon.colcon_core.shell:Creating environment hook '/home/ros_sandbox/ros_sandbox/workspace/install/cpp_pubsub/share/cpp_pubsub/hook/cmake_prefix_path.ps1'
[0.353s] INFO:colcon.colcon_core.shell:Creating environment descriptor '/home/ros_sandbox/ros_sandbox/workspace/install/cpp_pubsub/share/cpp_pubsub/hook/cmake_prefix_path.dsv'
[0.354s] INFO:colcon.colcon_core.shell:Creating environment hook '/home/ros_sandbox/ros_sandbox/workspace/install/cpp_pubsub/share/cpp_pubsub/hook/cmake_prefix_path.sh'
[0.355s] Level 1:colcon.colcon_core.environment:checking '/home/ros_sandbox/ros_sandbox/workspace/install/cpp_pubsub/lib'
[0.355s] Level 1:colcon.colcon_core.environment:checking '/home/ros_sandbox/ros_sandbox/workspace/install/cpp_pubsub/bin'
[0.355s] Level 1:colcon.colcon_core.environment:checking '/home/ros_sandbox/ros_sandbox/workspace/install/cpp_pubsub/lib/pkgconfig/cpp_pubsub.pc'
[0.356s] Level 1:colcon.colcon_core.environment:checking '/home/ros_sandbox/ros_sandbox/workspace/install/cpp_pubsub/lib/python3.10/site-packages'
[0.356s] Level 1:colcon.colcon_core.environment:checking '/home/ros_sandbox/ros_sandbox/workspace/install/cpp_pubsub/bin'
[0.356s] INFO:colcon.colcon_core.shell:Creating package script '/home/ros_sandbox/ros_sandbox/workspace/install/cpp_pubsub/share/cpp_pubsub/package.ps1'
[0.357s] INFO:colcon.colcon_core.shell:Creating package descriptor '/home/ros_sandbox/ros_sandbox/workspace/install/cpp_pubsub/share/cpp_pubsub/package.dsv'
[0.357s] INFO:colcon.colcon_core.shell:Creating package script '/home/ros_sandbox/ros_sandbox/workspace/install/cpp_pubsub/share/cpp_pubsub/package.sh'
[0.358s] INFO:colcon.colcon_core.shell:Creating package script '/home/ros_sandbox/ros_sandbox/workspace/install/cpp_pubsub/share/cpp_pubsub/package.bash'
[0.358s] INFO:colcon.colcon_core.shell:Creating package script '/home/ros_sandbox/ros_sandbox/workspace/install/cpp_pubsub/share/cpp_pubsub/package.zsh'
[0.359s] Level 1:colcon.colcon_core.environment:create_file_with_runtime_dependencies(/home/ros_sandbox/ros_sandbox/workspace/install/cpp_pubsub/share/colcon-core/packages/cpp_pubsub)
[0.385s] Level 1:colcon.colcon_core.environment:create_environment_scripts_only(cpp_pubsub)
[0.386s] Level 1:colcon.colcon_core.environment:checking '/home/ros_sandbox/ros_sandbox/workspace/install/cpp_pubsub' for CMake module files
[0.386s] Level 1:colcon.colcon_core.environment:checking '/home/ros_sandbox/ros_sandbox/workspace/install/cpp_pubsub' for CMake config files
[0.387s] Level 1:colcon.colcon_core.shell:create_environment_hook('cpp_pubsub', 'cmake_prefix_path')
[0.387s] INFO:colcon.colcon_core.shell:Creating environment hook '/home/ros_sandbox/ros_sandbox/workspace/install/cpp_pubsub/share/cpp_pubsub/hook/cmake_prefix_path.ps1'
[0.387s] INFO:colcon.colcon_core.shell:Creating environment descriptor '/home/ros_sandbox/ros_sandbox/workspace/install/cpp_pubsub/share/cpp_pubsub/hook/cmake_prefix_path.dsv'
[0.388s] INFO:colcon.colcon_core.shell:Creating environment hook '/home/ros_sandbox/ros_sandbox/workspace/install/cpp_pubsub/share/cpp_pubsub/hook/cmake_prefix_path.sh'
[0.388s] Level 1:colcon.colcon_core.environment:checking '/home/ros_sandbox/ros_sandbox/workspace/install/cpp_pubsub/lib'
[0.388s] Level 1:colcon.colcon_core.environment:checking '/home/ros_sandbox/ros_sandbox/workspace/install/cpp_pubsub/bin'
[0.388s] Level 1:colcon.colcon_core.environment:checking '/home/ros_sandbox/ros_sandbox/workspace/install/cpp_pubsub/lib/pkgconfig/cpp_pubsub.pc'
[0.389s] Level 1:colcon.colcon_core.environment:checking '/home/ros_sandbox/ros_sandbox/workspace/install/cpp_pubsub/lib/python3.10/site-packages'
[0.389s] Level 1:colcon.colcon_core.environment:checking '/home/ros_sandbox/ros_sandbox/workspace/install/cpp_pubsub/bin'
[0.390s] INFO:colcon.colcon_core.shell:Creating package script '/home/ros_sandbox/ros_sandbox/workspace/install/cpp_pubsub/share/cpp_pubsub/package.ps1'
[0.390s] INFO:colcon.colcon_core.shell:Creating package descriptor '/home/ros_sandbox/ros_sandbox/workspace/install/cpp_pubsub/share/cpp_pubsub/package.dsv'
[0.391s] INFO:colcon.colcon_core.shell:Creating package script '/home/ros_sandbox/ros_sandbox/workspace/install/cpp_pubsub/share/cpp_pubsub/package.sh'
[0.391s] INFO:colcon.colcon_core.shell:Creating package script '/home/ros_sandbox/ros_sandbox/workspace/install/cpp_pubsub/share/cpp_pubsub/package.bash'
[0.391s] INFO:colcon.colcon_core.shell:Creating package script '/home/ros_sandbox/ros_sandbox/workspace/install/cpp_pubsub/share/cpp_pubsub/package.zsh'
[0.391s] Level 1:colcon.colcon_core.environment:create_file_with_runtime_dependencies(/home/ros_sandbox/ros_sandbox/workspace/install/cpp_pubsub/share/colcon-core/packages/cpp_pubsub)
[0.805s] DEBUG:colcon.colcon_core.event_handler.log_command:Invoked command in '/home/ros_sandbox/ros_sandbox/workspace/build/image_spawner' returned '0': CMAKE_PREFIX_PATH=${CMAKE_PREFIX_PATH}:/opt/ros/humble /usr/bin/cmake /home/ros_sandbox/ros_sandbox/workspace/src/image_spawner -DCMAKE_INSTALL_PREFIX=/home/ros_sandbox/ros_sandbox/workspace/install/image_spawner
[0.807s] DEBUG:colcon.colcon_core.event_handler.log_command:Invoking command in '/home/ros_sandbox/ros_sandbox/workspace/build/image_spawner': CMAKE_PREFIX_PATH=${CMAKE_PREFIX_PATH}:/opt/ros/humble /usr/bin/cmake --build /home/ros_sandbox/ros_sandbox/workspace/build/image_spawner -- -j48 -l48
[0.848s] DEBUG:colcon.colcon_core.event_handler.log_command:Invoked command in '/home/ros_sandbox/ros_sandbox/workspace/build/image_spawner' returned '0': CMAKE_PREFIX_PATH=${CMAKE_PREFIX_PATH}:/opt/ros/humble /usr/bin/cmake --build /home/ros_sandbox/ros_sandbox/workspace/build/image_spawner -- -j48 -l48
[0.871s] DEBUG:colcon.colcon_core.event_handler.log_command:Invoking command in '/home/ros_sandbox/ros_sandbox/workspace/build/image_spawner': CMAKE_PREFIX_PATH=${CMAKE_PREFIX_PATH}:/opt/ros/humble /usr/bin/cmake --install /home/ros_sandbox/ros_sandbox/workspace/build/image_spawner
[0.883s] Level 1:colcon.colcon_core.environment:create_environment_scripts_only(image_spawner)
[0.883s] DEBUG:colcon.colcon_core.event_handler.log_command:Invoked command in '/home/ros_sandbox/ros_sandbox/workspace/build/image_spawner' returned '0': CMAKE_PREFIX_PATH=${CMAKE_PREFIX_PATH}:/opt/ros/humble /usr/bin/cmake --install /home/ros_sandbox/ros_sandbox/workspace/build/image_spawner
[0.885s] Level 1:colcon.colcon_core.environment:checking '/home/ros_sandbox/ros_sandbox/workspace/install/image_spawner' for CMake module files
[0.886s] Level 1:colcon.colcon_core.environment:checking '/home/ros_sandbox/ros_sandbox/workspace/install/image_spawner' for CMake config files
[0.886s] Level 1:colcon.colcon_core.shell:create_environment_hook('image_spawner', 'cmake_prefix_path')
[0.886s] INFO:colcon.colcon_core.shell:Creating environment hook '/home/ros_sandbox/ros_sandbox/workspace/install/image_spawner/share/image_spawner/hook/cmake_prefix_path.ps1'
[0.887s] INFO:colcon.colcon_core.shell:Creating environment descriptor '/home/ros_sandbox/ros_sandbox/workspace/install/image_spawner/share/image_spawner/hook/cmake_prefix_path.dsv'
[0.887s] INFO:colcon.colcon_core.shell:Creating environment hook '/home/ros_sandbox/ros_sandbox/workspace/install/image_spawner/share/image_spawner/hook/cmake_prefix_path.sh'
[0.888s] Level 1:colcon.colcon_core.environment:checking '/home/ros_sandbox/ros_sandbox/workspace/install/image_spawner/bin'
[0.888s] Level 1:colcon.colcon_core.environment:checking '/home/ros_sandbox/ros_sandbox/workspace/install/image_spawner/lib/pkgconfig/image_spawner.pc'
[0.889s] Level 1:colcon.colcon_core.environment:checking '/home/ros_sandbox/ros_sandbox/workspace/install/image_spawner/lib/python3.10/site-packages'
[0.889s] Level 1:colcon.colcon_core.environment:checking '/home/ros_sandbox/ros_sandbox/workspace/install/image_spawner/bin'
[0.890s] INFO:colcon.colcon_core.shell:Creating package script '/home/ros_sandbox/ros_sandbox/workspace/install/image_spawner/share/image_spawner/package.ps1'
[0.890s] INFO:colcon.colcon_core.shell:Creating package descriptor '/home/ros_sandbox/ros_sandbox/workspace/install/image_spawner/share/image_spawner/package.dsv'
[0.891s] INFO:colcon.colcon_core.shell:Creating package script '/home/ros_sandbox/ros_sandbox/workspace/install/image_spawner/share/image_spawner/package.sh'
[0.891s] INFO:colcon.colcon_core.shell:Creating package script '/home/ros_sandbox/ros_sandbox/workspace/install/image_spawner/share/image_spawner/package.bash'
[0.891s] INFO:colcon.colcon_core.shell:Creating package script '/home/ros_sandbox/ros_sandbox/workspace/install/image_spawner/share/image_spawner/package.zsh'
[0.891s] Level 1:colcon.colcon_core.environment:create_file_with_runtime_dependencies(/home/ros_sandbox/ros_sandbox/workspace/install/image_spawner/share/colcon-core/packages/image_spawner)
[0.909s] Level 1:colcon.colcon_core.environment:create_environment_scripts_only(image_spawner)
[0.910s] Level 1:colcon.colcon_core.environment:checking '/home/ros_sandbox/ros_sandbox/workspace/install/image_spawner' for CMake module files
[0.911s] Level 1:colcon.colcon_core.environment:checking '/home/ros_sandbox/ros_sandbox/workspace/install/image_spawner' for CMake config files
[0.911s] Level 1:colcon.colcon_core.shell:create_environment_hook('image_spawner', 'cmake_prefix_path')
[0.912s] INFO:colcon.colcon_core.shell:Creating environment hook '/home/ros_sandbox/ros_sandbox/workspace/install/image_spawner/share/image_spawner/hook/cmake_prefix_path.ps1'
[0.912s] INFO:colcon.colcon_core.shell:Creating environment descriptor '/home/ros_sandbox/ros_sandbox/workspace/install/image_spawner/share/image_spawner/hook/cmake_prefix_path.dsv'
[0.913s] INFO:colcon.colcon_core.shell:Creating environment hook '/home/ros_sandbox/ros_sandbox/workspace/install/image_spawner/share/image_spawner/hook/cmake_prefix_path.sh'
[0.913s] Level 1:colcon.colcon_core.environment:checking '/home/ros_sandbox/ros_sandbox/workspace/install/image_spawner/bin'
[0.913s] Level 1:colcon.colcon_core.environment:checking '/home/ros_sandbox/ros_sandbox/workspace/install/image_spawner/lib/pkgconfig/image_spawner.pc'
[0.914s] Level 1:colcon.colcon_core.environment:checking '/home/ros_sandbox/ros_sandbox/workspace/install/image_spawner/lib/python3.10/site-packages'
[0.914s] Level 1:colcon.colcon_core.environment:checking '/home/ros_sandbox/ros_sandbox/workspace/install/image_spawner/bin'
[0.915s] INFO:colcon.colcon_core.shell:Creating package script '/home/ros_sandbox/ros_sandbox/workspace/install/image_spawner/share/image_spawner/package.ps1'
[0.915s] INFO:colcon.colcon_core.shell:Creating package descriptor '/home/ros_sandbox/ros_sandbox/workspace/install/image_spawner/share/image_spawner/package.dsv'
[0.915s] INFO:colcon.colcon_core.shell:Creating package script '/home/ros_sandbox/ros_sandbox/workspace/install/image_spawner/share/image_spawner/package.sh'
[0.916s] INFO:colcon.colcon_core.shell:Creating package script '/home/ros_sandbox/ros_sandbox/workspace/install/image_spawner/share/image_spawner/package.bash'
[0.916s] INFO:colcon.colcon_core.shell:Creating package script '/home/ros_sandbox/ros_sandbox/workspace/install/image_spawner/share/image_spawner/package.zsh'
[0.916s] Level 1:colcon.colcon_core.environment:create_file_with_runtime_dependencies(/home/ros_sandbox/ros_sandbox/workspace/install/image_spawner/share/colcon-core/packages/image_spawner)
[1.244s] DEBUG:colcon.colcon_core.event_handler.log_command:Invoked command in '/home/ros_sandbox/ros_sandbox/workspace/build/image_receiver' returned '1': CMAKE_PREFIX_PATH=${CMAKE_PREFIX_PATH}:/opt/ros/humble /usr/bin/cmake /home/ros_sandbox/ros_sandbox/workspace/src/image_receiver -DCMAKE_INSTALL_PREFIX=/home/ros_sandbox/ros_sandbox/workspace/install/image_receiver
[1.257s] Level 1:colcon.colcon_core.environment:create_environment_scripts_only(image_receiver)
[1.258s] Level 1:colcon.colcon_core.environment:checking '/home/ros_sandbox/ros_sandbox/workspace/install/image_receiver' for CMake module files
[1.258s] Level 1:colcon.colcon_core.environment:checking '/home/ros_sandbox/ros_sandbox/workspace/install/image_receiver' for CMake config files
[1.258s] Level 1:colcon.colcon_core.environment:checking '/home/ros_sandbox/ros_sandbox/workspace/install/image_receiver/bin'
[1.258s] Level 1:colcon.colcon_core.environment:checking '/home/ros_sandbox/ros_sandbox/workspace/install/image_receiver/lib/pkgconfig/image_receiver.pc'
[1.259s] Level 1:colcon.colcon_core.environment:checking '/home/ros_sandbox/ros_sandbox/workspace/install/image_receiver/lib/python3.10/site-packages'
[1.259s] Level 1:colcon.colcon_core.environment:checking '/home/ros_sandbox/ros_sandbox/workspace/install/image_receiver/bin'
[1.259s] INFO:colcon.colcon_core.shell:Creating package script '/home/ros_sandbox/ros_sandbox/workspace/install/image_receiver/share/image_receiver/package.ps1'
[1.260s] INFO:colcon.colcon_core.shell:Creating package descriptor '/home/ros_sandbox/ros_sandbox/workspace/install/image_receiver/share/image_receiver/package.dsv'
[1.261s] INFO:colcon.colcon_core.shell:Creating package script '/home/ros_sandbox/ros_sandbox/workspace/install/image_receiver/share/image_receiver/package.sh'
[1.261s] INFO:colcon.colcon_core.shell:Creating package script '/home/ros_sandbox/ros_sandbox/workspace/install/image_receiver/share/image_receiver/package.bash'
[1.261s] INFO:colcon.colcon_core.shell:Creating package script '/home/ros_sandbox/ros_sandbox/workspace/install/image_receiver/share/image_receiver/package.zsh'
[1.261s] Level 1:colcon.colcon_core.environment:create_file_with_runtime_dependencies(/home/ros_sandbox/ros_sandbox/workspace/install/image_receiver/share/colcon-core/packages/image_receiver)
[1.272s] DEBUG:colcon.colcon_parallel_executor.executor.parallel:closing loop
[1.272s] DEBUG:colcon.colcon_parallel_executor.executor.parallel:loop closed
[1.272s] DEBUG:colcon.colcon_parallel_executor.executor.parallel:run_until_complete finished with '1'
[1.272s] DEBUG:colcon.colcon_core.event_reactor:joining thread
[1.280s] INFO:colcon.colcon_core.plugin_system:Skipping extension 'colcon_notification.desktop_notification.notify_send': Could not find 'notify-send'
[1.280s] INFO:colcon.colcon_core.plugin_system:Skipping extension 'colcon_notification.desktop_notification.terminal_notifier': Not used on non-Darwin systems
[1.280s] INFO:colcon.colcon_core.plugin_system:Skipping extension 'colcon_notification.desktop_notification.win32': Not used on non-Windows systems
[1.280s] INFO:colcon.colcon_notification.desktop_notification:Sending desktop notification using 'notify2'
[1.280s] DEBUG:colcon.colcon_notification.desktop_notification.notify2:Failed to initialize notify2: org.freedesktop.DBus.Error.InvalidFileContent: D-Bus library appears to be incorrectly set up: see the manual page for dbus-uuidgen to correct this issue. (Failed to open "/var/lib/dbus/machine-id": No such file or directory; UUID file '/etc/machine-id' should contain a hex string of length 32, not length 0, with no other text)
[1.280s] DEBUG:colcon.colcon_core.event_reactor:joined thread
[1.281s] INFO:colcon.colcon_core.shell:Creating prefix script '/home/ros_sandbox/ros_sandbox/workspace/install/local_setup.ps1'
[1.282s] INFO:colcon.colcon_core.shell:Creating prefix util module '/home/ros_sandbox/ros_sandbox/workspace/install/_local_setup_util_ps1.py'
[1.284s] INFO:colcon.colcon_core.shell:Creating prefix chain script '/home/ros_sandbox/ros_sandbox/workspace/install/setup.ps1'
[1.286s] INFO:colcon.colcon_core.shell:Creating prefix script '/home/ros_sandbox/ros_sandbox/workspace/install/local_setup.sh'
[1.286s] INFO:colcon.colcon_core.shell:Creating prefix util module '/home/ros_sandbox/ros_sandbox/workspace/install/_local_setup_util_sh.py'
[1.287s] INFO:colcon.colcon_core.shell:Creating prefix chain script '/home/ros_sandbox/ros_sandbox/workspace/install/setup.sh'
[1.288s] INFO:colcon.colcon_core.shell:Creating prefix script '/home/ros_sandbox/ros_sandbox/workspace/install/local_setup.bash'
[1.289s] INFO:colcon.colcon_core.shell:Creating prefix chain script '/home/ros_sandbox/ros_sandbox/workspace/install/setup.bash'
[1.290s] INFO:colcon.colcon_core.shell:Creating prefix script '/home/ros_sandbox/ros_sandbox/workspace/install/local_setup.zsh'
[1.291s] INFO:colcon.colcon_core.shell:Creating prefix chain script '/home/ros_sandbox/ros_sandbox/workspace/install/setup.zsh'
