[0.020s] Invoking command in '/home/ros_sandbox/ros_sandbox/workspace/src/build/image_receiver': CMAKE_PREFIX_PATH=${CMAKE_PREFIX_PATH}:/opt/ros/galactic /usr/bin/cmake /home/ros_sandbox/ros_sandbox/workspace/src/image_receiver -DCMAKE_INSTALL_PREFIX=/home/ros_sandbox/ros_sandbox/workspace/src/install/image_receiver
[0.036s] -- Found ament_cmake: 1.1.5 (/opt/ros/galactic/share/ament_cmake/cmake)
[0.056s] -- Using PYTHON_EXECUTABLE: /usr/bin/python3
[0.107s] -- Found rclcpp: 9.2.0 (/opt/ros/galactic/share/rclcpp/cmake)
[0.131s] -- Using single rosidl_typesupport_c: rosidl_typesupport_introspection_c
[0.135s] -- Found rosidl_adapter: 2.2.1 (/opt/ros/galactic/share/rosidl_adapter/cmake)
[0.147s] -- Using single rosidl_typesupport_cpp: rosidl_typesupport_introspection_cpp
[0.197s] -- Found rmw_implementation_cmake: 3.3.1 (/opt/ros/galactic/share/rmw_implementation_cmake/cmake)
[0.198s] -- Found rmw_cyclonedds_cpp: 0.22.4 (/opt/ros/galactic/share/rmw_cyclonedds_cpp/cmake)
[0.212s] -- Using RMW implementation 'rmw_cyclonedds_cpp' as default
[0.327s] -- Found rclcpp_components: 9.2.0 (/opt/ros/galactic/share/rclcpp_components/cmake)
[0.372s] -- Found sensor_msgs: 2.2.4 (/opt/ros/galactic/share/sensor_msgs/cmake)
[0.477s] CMake Error at CMakeLists.txt:21 (find_package):
[0.477s]   By not providing "Findcv_bridge.cmake" in CMAKE_MODULE_PATH this project
[0.477s]   has asked CMake to find a package configuration file provided by
[0.477s]   "cv_bridge", but CMake did not find one.
[0.477s] 
[0.477s]   Could not find a package configuration file provided by "cv_bridge" with
[0.477s]   any of the following names:
[0.477s] 
[0.477s]     cv_bridgeConfig.cmake
[0.478s]     cv_bridge-config.cmake
[0.478s] 
[0.478s]   Add the installation prefix of "cv_bridge" to CMAKE_PREFIX_PATH or set
[0.478s]   "cv_bridge_DIR" to a directory containing one of the above files.  If
[0.478s]   "cv_bridge" provides a separate development package or SDK, be sure it has
[0.478s]   been installed.
[0.478s] 
[0.478s] 
[0.478s] -- Configuring incomplete, errors occurred!
[0.478s] See also "/home/ros_sandbox/ros_sandbox/workspace/src/build/image_receiver/CMakeFiles/CMakeOutput.log".
[0.479s] See also "/home/ros_sandbox/ros_sandbox/workspace/src/build/image_receiver/CMakeFiles/CMakeError.log".
[0.483s] Invoked command in '/home/ros_sandbox/ros_sandbox/workspace/src/build/image_receiver' returned '1': CMAKE_PREFIX_PATH=${CMAKE_PREFIX_PATH}:/opt/ros/galactic /usr/bin/cmake /home/ros_sandbox/ros_sandbox/workspace/src/image_receiver -DCMAKE_INSTALL_PREFIX=/home/ros_sandbox/ros_sandbox/workspace/src/install/image_receiver
