[0.021s] Invoking command in '/home/ros_sandbox/ros_sandbox/workspace/src/build/image_spawner': CMAKE_PREFIX_PATH=${CMAKE_PREFIX_PATH}:/opt/ros/galactic /usr/bin/cmake --build /home/ros_sandbox/ros_sandbox/workspace/src/build/image_spawner -- -j48 -l48
[0.064s] Invoked command in '/home/ros_sandbox/ros_sandbox/workspace/src/build/image_spawner' returned '0': CMAKE_PREFIX_PATH=${CMAKE_PREFIX_PATH}:/opt/ros/galactic /usr/bin/cmake --build /home/ros_sandbox/ros_sandbox/workspace/src/build/image_spawner -- -j48 -l48
[0.099s] Invoking command in '/home/ros_sandbox/ros_sandbox/workspace/src/build/image_spawner': CMAKE_PREFIX_PATH=${CMAKE_PREFIX_PATH}:/opt/ros/galactic /usr/bin/cmake --install /home/ros_sandbox/ros_sandbox/workspace/src/build/image_spawner
[0.108s] -- Install configuration: ""
[0.108s] -- Up-to-date: /home/ros_sandbox/ros_sandbox/workspace/src/install/image_spawner/share/ament_index/resource_index/package_run_dependencies/image_spawner
[0.108s] -- Up-to-date: /home/ros_sandbox/ros_sandbox/workspace/src/install/image_spawner/share/ament_index/resource_index/parent_prefix_path/image_spawner
[0.108s] -- Up-to-date: /home/ros_sandbox/ros_sandbox/workspace/src/install/image_spawner/share/image_spawner/environment/ament_prefix_path.sh
[0.108s] -- Up-to-date: /home/ros_sandbox/ros_sandbox/workspace/src/install/image_spawner/share/image_spawner/environment/ament_prefix_path.dsv
[0.109s] -- Up-to-date: /home/ros_sandbox/ros_sandbox/workspace/src/install/image_spawner/share/image_spawner/environment/path.sh
[0.109s] -- Up-to-date: /home/ros_sandbox/ros_sandbox/workspace/src/install/image_spawner/share/image_spawner/environment/path.dsv
[0.109s] -- Up-to-date: /home/ros_sandbox/ros_sandbox/workspace/src/install/image_spawner/share/image_spawner/local_setup.bash
[0.109s] -- Up-to-date: /home/ros_sandbox/ros_sandbox/workspace/src/install/image_spawner/share/image_spawner/local_setup.sh
[0.109s] -- Up-to-date: /home/ros_sandbox/ros_sandbox/workspace/src/install/image_spawner/share/image_spawner/local_setup.zsh
[0.109s] -- Up-to-date: /home/ros_sandbox/ros_sandbox/workspace/src/install/image_spawner/share/image_spawner/local_setup.dsv
[0.109s] -- Up-to-date: /home/ros_sandbox/ros_sandbox/workspace/src/install/image_spawner/share/image_spawner/package.dsv
[0.109s] -- Up-to-date: /home/ros_sandbox/ros_sandbox/workspace/src/install/image_spawner/share/ament_index/resource_index/packages/image_spawner
[0.109s] -- Up-to-date: /home/ros_sandbox/ros_sandbox/workspace/src/install/image_spawner/share/image_spawner/cmake/image_spawnerConfig.cmake
[0.109s] -- Up-to-date: /home/ros_sandbox/ros_sandbox/workspace/src/install/image_spawner/share/image_spawner/cmake/image_spawnerConfig-version.cmake
[0.109s] -- Up-to-date: /home/ros_sandbox/ros_sandbox/workspace/src/install/image_spawner/share/image_spawner/package.xml
[0.111s] Invoked command in '/home/ros_sandbox/ros_sandbox/workspace/src/build/image_spawner' returned '0': CMAKE_PREFIX_PATH=${CMAKE_PREFIX_PATH}:/opt/ros/galactic /usr/bin/cmake --install /home/ros_sandbox/ros_sandbox/workspace/src/build/image_spawner
