-- The C compiler identification is GNU 11.2.0
-- The CXX compiler identification is GNU 11.2.0
-- Detecting C compiler ABI info
-- Detecting C compiler ABI info - done
-- Check for working C compiler: /usr/bin/cc - skipped
-- Detecting C compile features
-- Detecting C compile features - done
-- Detecting CXX compiler ABI info
-- Detecting CXX compiler ABI info - done
-- Check for working CXX compiler: /usr/bin/c++ - skipped
-- Detecting CXX compile features
-- Detecting CXX compile features - done
-- Found ament_cmake: 1.3.2 (/opt/ros/humble/share/ament_cmake/cmake)
-- Found Python3: /usr/bin/python3.10 (found version "3.10.4") found components: Interpreter 
-- Found ament_lint_auto: 0.12.4 (/opt/ros/humble/share/ament_lint_auto/cmake)
-- Added test 'cppcheck' to perform static code analysis on C / C++ code
-- Configured cppcheck include dirs: 
-- Configured cppcheck exclude dirs and/or files: 
-- Added test 'lint_cmake' to check CMake code style
-- Added test 'uncrustify' to check C / C++ code style
-- Configured uncrustify additional arguments: 
-- Added test 'xmllint' to check XML markup files
-- Configuring done
-- Generating done
-- Build files have been written to: /home/ros_sandbox/ros_sandbox/workspace/build/image_spawner
-- Install configuration: ""
-- Installing: /home/ros_sandbox/ros_sandbox/workspace/install/image_spawner/share/ament_index/resource_index/package_run_dependencies/image_spawner
-- Installing: /home/ros_sandbox/ros_sandbox/workspace/install/image_spawner/share/ament_index/resource_index/parent_prefix_path/image_spawner
-- Installing: /home/ros_sandbox/ros_sandbox/workspace/install/image_spawner/share/image_spawner/environment/ament_prefix_path.sh
-- Installing: /home/ros_sandbox/ros_sandbox/workspace/install/image_spawner/share/image_spawner/environment/ament_prefix_path.dsv
-- Installing: /home/ros_sandbox/ros_sandbox/workspace/install/image_spawner/share/image_spawner/environment/path.sh
-- Installing: /home/ros_sandbox/ros_sandbox/workspace/install/image_spawner/share/image_spawner/environment/path.dsv
-- Installing: /home/ros_sandbox/ros_sandbox/workspace/install/image_spawner/share/image_spawner/local_setup.bash
-- Installing: /home/ros_sandbox/ros_sandbox/workspace/install/image_spawner/share/image_spawner/local_setup.sh
-- Installing: /home/ros_sandbox/ros_sandbox/workspace/install/image_spawner/share/image_spawner/local_setup.zsh
-- Installing: /home/ros_sandbox/ros_sandbox/workspace/install/image_spawner/share/image_spawner/local_setup.dsv
-- Installing: /home/ros_sandbox/ros_sandbox/workspace/install/image_spawner/share/image_spawner/package.dsv
-- Installing: /home/ros_sandbox/ros_sandbox/workspace/install/image_spawner/share/ament_index/resource_index/packages/image_spawner
-- Installing: /home/ros_sandbox/ros_sandbox/workspace/install/image_spawner/share/image_spawner/cmake/image_spawnerConfig.cmake
-- Installing: /home/ros_sandbox/ros_sandbox/workspace/install/image_spawner/share/image_spawner/cmake/image_spawnerConfig-version.cmake
-- Installing: /home/ros_sandbox/ros_sandbox/workspace/install/image_spawner/share/image_spawner/package.xml
