[0.019s] Invoking command in '/home/ros_sandbox/ros_sandbox/workspace/build/image_spawner': CMAKE_PREFIX_PATH=${CMAKE_PREFIX_PATH}:/opt/ros/humble /usr/bin/cmake /home/ros_sandbox/ros_sandbox/workspace/src/image_spawner -DCMAKE_INSTALL_PREFIX=/home/ros_sandbox/ros_sandbox/workspace/install/image_spawner
[0.066s] -- The C compiler identification is GNU 11.2.0
[0.116s] -- The CXX compiler identification is GNU 11.2.0
[0.122s] -- Detecting C compiler ABI info
[0.186s] -- Detecting C compiler ABI info - done
[0.194s] -- Check for working C compiler: /usr/bin/cc - skipped
[0.194s] -- Detecting C compile features
[0.195s] -- Detecting C compile features - done
[0.197s] -- Detecting CXX compiler ABI info
[0.273s] -- Detecting CXX compiler ABI info - done
[0.284s] -- Check for working CXX compiler: /usr/bin/c++ - skipped
[0.285s] -- Detecting CXX compile features
[0.285s] -- Detecting CXX compile features - done
[0.288s] -- Found ament_cmake: 1.3.2 (/opt/ros/humble/share/ament_cmake/cmake)
[0.436s] -- Found Python3: /usr/bin/python3.10 (found version "3.10.4") found components: Interpreter 
[0.507s] -- Found ament_lint_auto: 0.12.4 (/opt/ros/humble/share/ament_lint_auto/cmake)
[0.571s] -- Added test 'cppcheck' to perform static code analysis on C / C++ code
[0.571s] -- Configured cppcheck include dirs: 
[0.571s] -- Configured cppcheck exclude dirs and/or files: 
[0.572s] -- Added test 'lint_cmake' to check CMake code style
[0.572s] -- Added test 'uncrustify' to check C / C++ code style
[0.572s] -- Configured uncrustify additional arguments: 
[0.573s] -- Added test 'xmllint' to check XML markup files
[0.574s] -- Configuring done
[0.576s] -- Generating done
[0.576s] -- Build files have been written to: /home/ros_sandbox/ros_sandbox/workspace/build/image_spawner
[0.581s] Invoked command in '/home/ros_sandbox/ros_sandbox/workspace/build/image_spawner' returned '0': CMAKE_PREFIX_PATH=${CMAKE_PREFIX_PATH}:/opt/ros/humble /usr/bin/cmake /home/ros_sandbox/ros_sandbox/workspace/src/image_spawner -DCMAKE_INSTALL_PREFIX=/home/ros_sandbox/ros_sandbox/workspace/install/image_spawner
[0.583s] Invoking command in '/home/ros_sandbox/ros_sandbox/workspace/build/image_spawner': CMAKE_PREFIX_PATH=${CMAKE_PREFIX_PATH}:/opt/ros/humble /usr/bin/cmake --build /home/ros_sandbox/ros_sandbox/workspace/build/image_spawner -- -j48 -l48
[0.624s] Invoked command in '/home/ros_sandbox/ros_sandbox/workspace/build/image_spawner' returned '0': CMAKE_PREFIX_PATH=${CMAKE_PREFIX_PATH}:/opt/ros/humble /usr/bin/cmake --build /home/ros_sandbox/ros_sandbox/workspace/build/image_spawner -- -j48 -l48
[0.647s] Invoking command in '/home/ros_sandbox/ros_sandbox/workspace/build/image_spawner': CMAKE_PREFIX_PATH=${CMAKE_PREFIX_PATH}:/opt/ros/humble /usr/bin/cmake --install /home/ros_sandbox/ros_sandbox/workspace/build/image_spawner
[0.654s] -- Install configuration: ""
[0.655s] -- Installing: /home/ros_sandbox/ros_sandbox/workspace/install/image_spawner/share/ament_index/resource_index/package_run_dependencies/image_spawner
[0.655s] -- Installing: /home/ros_sandbox/ros_sandbox/workspace/install/image_spawner/share/ament_index/resource_index/parent_prefix_path/image_spawner
[0.655s] -- Installing: /home/ros_sandbox/ros_sandbox/workspace/install/image_spawner/share/image_spawner/environment/ament_prefix_path.sh
[0.655s] -- Installing: /home/ros_sandbox/ros_sandbox/workspace/install/image_spawner/share/image_spawner/environment/ament_prefix_path.dsv
[0.656s] -- Installing: /home/ros_sandbox/ros_sandbox/workspace/install/image_spawner/share/image_spawner/environment/path.sh
[0.656s] -- Installing: /home/ros_sandbox/ros_sandbox/workspace/install/image_spawner/share/image_spawner/environment/path.dsv
[0.656s] -- Installing: /home/ros_sandbox/ros_sandbox/workspace/install/image_spawner/share/image_spawner/local_setup.bash
[0.656s] -- Installing: /home/ros_sandbox/ros_sandbox/workspace/install/image_spawner/share/image_spawner/local_setup.sh
[0.656s] -- Installing: /home/ros_sandbox/ros_sandbox/workspace/install/image_spawner/share/image_spawner/local_setup.zsh
[0.657s] -- Installing: /home/ros_sandbox/ros_sandbox/workspace/install/image_spawner/share/image_spawner/local_setup.dsv
[0.657s] -- Installing: /home/ros_sandbox/ros_sandbox/workspace/install/image_spawner/share/image_spawner/package.dsv
[0.657s] -- Installing: /home/ros_sandbox/ros_sandbox/workspace/install/image_spawner/share/ament_index/resource_index/packages/image_spawner
[0.657s] -- Installing: /home/ros_sandbox/ros_sandbox/workspace/install/image_spawner/share/image_spawner/cmake/image_spawnerConfig.cmake
[0.657s] -- Installing: /home/ros_sandbox/ros_sandbox/workspace/install/image_spawner/share/image_spawner/cmake/image_spawnerConfig-version.cmake
[0.658s] -- Installing: /home/ros_sandbox/ros_sandbox/workspace/install/image_spawner/share/image_spawner/package.xml
[0.659s] Invoked command in '/home/ros_sandbox/ros_sandbox/workspace/build/image_spawner' returned '0': CMAKE_PREFIX_PATH=${CMAKE_PREFIX_PATH}:/opt/ros/humble /usr/bin/cmake --install /home/ros_sandbox/ros_sandbox/workspace/build/image_spawner
