[0.019s] Invoking command in '/home/ros_sandbox/ros_sandbox/workspace/src/build/image_receiver': CMAKE_PREFIX_PATH=${CMAKE_PREFIX_PATH}:/opt/ros/galactic /usr/bin/cmake /home/ros_sandbox/ros_sandbox/workspace/src/image_receiver -DCMAKE_INSTALL_PREFIX=/home/ros_sandbox/ros_sandbox/workspace/src/install/image_receiver
[0.162s] -- The C compiler identification is GNU 9.3.0
[0.285s] -- The CXX compiler identification is GNU 9.3.0
[0.292s] -- Check for working C compiler: /usr/bin/cc
[0.361s] -- Check for working C compiler: /usr/bin/cc -- works
[0.363s] -- Detecting C compiler ABI info
[0.444s] -- Detecting C compiler ABI info - done
[0.458s] -- Detecting C compile features
[0.458s] -- Detecting C compile features - done
[0.460s] -- Check for working CXX compiler: /usr/bin/c++
[0.543s] -- Check for working CXX compiler: /usr/bin/c++ -- works
[0.545s] -- Detecting CXX compiler ABI info
[0.629s] -- Detecting CXX compiler ABI info - done
[0.642s] -- Detecting CXX compile features
[0.643s] -- Detecting CXX compile features - done
[0.649s] -- Found ament_cmake: 1.1.5 (/opt/ros/galactic/share/ament_cmake/cmake)
[0.673s] -- Found PythonInterp: /usr/bin/python3 (found suitable version "3.8.10", minimum required is "3") 
[0.673s] -- Using PYTHON_EXECUTABLE: /usr/bin/python3
[0.754s] -- Found rclcpp: 9.2.0 (/opt/ros/galactic/share/rclcpp/cmake)
[0.803s] -- Using single rosidl_typesupport_c: rosidl_typesupport_introspection_c
[0.811s] -- Found rosidl_adapter: 2.2.1 (/opt/ros/galactic/share/rosidl_adapter/cmake)
[0.831s] -- Using single rosidl_typesupport_cpp: rosidl_typesupport_introspection_cpp
[0.891s] -- Found rmw_implementation_cmake: 3.3.1 (/opt/ros/galactic/share/rmw_implementation_cmake/cmake)
[0.894s] -- Found rmw_cyclonedds_cpp: 0.22.4 (/opt/ros/galactic/share/rmw_cyclonedds_cpp/cmake)
[0.915s] -- Using RMW implementation 'rmw_cyclonedds_cpp' as default
[0.916s] -- Looking for pthread.h
[1.005s] -- Looking for pthread.h - found
[1.005s] -- Performing Test CMAKE_HAVE_LIBC_PTHREAD
[1.085s] -- Performing Test CMAKE_HAVE_LIBC_PTHREAD - Failed
[1.085s] -- Looking for pthread_create in pthreads
[1.152s] -- Looking for pthread_create in pthreads - not found
[1.153s] -- Looking for pthread_create in pthread
[1.234s] -- Looking for pthread_create in pthread - found
[1.235s] -- Found Threads: TRUE  
[1.360s] -- Found sensor_msgs: 2.2.4 (/opt/ros/galactic/share/sensor_msgs/cmake)
[1.466s] -- Found OpenCV: /usr (found version "4.2.0") 
[1.471s] CMake Error at CMakeLists.txt:20 (find_package):
[1.472s]   By not providing "Findcv_bridge.cmake" in CMAKE_MODULE_PATH this project
[1.472s]   has asked CMake to find a package configuration file provided by
[1.472s]   "cv_bridge", but CMake did not find one.
[1.472s] 
[1.472s]   Could not find a package configuration file provided by "cv_bridge" with
[1.472s]   any of the following names:
[1.472s] 
[1.472s]     cv_bridgeConfig.cmake
[1.472s]     cv_bridge-config.cmake
[1.472s] 
[1.473s]   Add the installation prefix of "cv_bridge" to CMAKE_PREFIX_PATH or set
[1.473s]   "cv_bridge_DIR" to a directory containing one of the above files.  If
[1.473s]   "cv_bridge" provides a separate development package or SDK, be sure it has
[1.473s]   been installed.
[1.473s] 
[1.473s] 
[1.473s] -- Configuring incomplete, errors occurred!
[1.473s] See also "/home/ros_sandbox/ros_sandbox/workspace/src/build/image_receiver/CMakeFiles/CMakeOutput.log".
[1.473s] See also "/home/ros_sandbox/ros_sandbox/workspace/src/build/image_receiver/CMakeFiles/CMakeError.log".
[1.479s] Invoked command in '/home/ros_sandbox/ros_sandbox/workspace/src/build/image_receiver' returned '1': CMAKE_PREFIX_PATH=${CMAKE_PREFIX_PATH}:/opt/ros/galactic /usr/bin/cmake /home/ros_sandbox/ros_sandbox/workspace/src/image_receiver -DCMAKE_INSTALL_PREFIX=/home/ros_sandbox/ros_sandbox/workspace/src/install/image_receiver
