-- The C compiler identification is GNU 9.3.0
-- The CXX compiler identification is GNU 9.3.0
-- Check for working C compiler: /usr/bin/cc
-- Check for working C compiler: /usr/bin/cc -- works
-- Detecting C compiler ABI info
-- Detecting C compiler ABI info - done
-- Detecting C compile features
-- Detecting C compile features - done
-- Check for working CXX compiler: /usr/bin/c++
-- Check for working CXX compiler: /usr/bin/c++ -- works
-- Detecting CXX compiler ABI info
-- Detecting CXX compiler ABI info - done
-- Detecting CXX compile features
-- Detecting CXX compile features - done
-- Found ament_cmake: 1.1.5 (/opt/ros/galactic/share/ament_cmake/cmake)
-- Found PythonInterp: /usr/bin/python3 (found suitable version "3.8.10", minimum required is "3") 
-- Using PYTHON_EXECUTABLE: /usr/bin/python3
-- Found ament_lint_auto: 0.10.6 (/opt/ros/galactic/share/ament_lint_auto/cmake)
-- Added test 'cppcheck' to perform static code analysis on C / C++ code
-- Configured cppcheck include dirs: 
-- Configured cppcheck exclude dirs and/or files: 
-- Added test 'lint_cmake' to check CMake code style
-- Added test 'uncrustify' to check C / C++ code style
-- Configured uncrustify additional arguments: 
-- Added test 'xmllint' to check XML markup files
-- Configuring done
-- Generating done
-- Build files have been written to: /home/ros_sandbox/ros_sandbox/workspace/src/build/image_spawner
-- Install configuration: ""
-- Installing: /home/ros_sandbox/ros_sandbox/workspace/src/install/image_spawner/share/ament_index/resource_index/package_run_dependencies/image_spawner
-- Installing: /home/ros_sandbox/ros_sandbox/workspace/src/install/image_spawner/share/ament_index/resource_index/parent_prefix_path/image_spawner
-- Installing: /home/ros_sandbox/ros_sandbox/workspace/src/install/image_spawner/share/image_spawner/environment/ament_prefix_path.sh
-- Installing: /home/ros_sandbox/ros_sandbox/workspace/src/install/image_spawner/share/image_spawner/environment/ament_prefix_path.dsv
-- Installing: /home/ros_sandbox/ros_sandbox/workspace/src/install/image_spawner/share/image_spawner/environment/path.sh
-- Installing: /home/ros_sandbox/ros_sandbox/workspace/src/install/image_spawner/share/image_spawner/environment/path.dsv
-- Installing: /home/ros_sandbox/ros_sandbox/workspace/src/install/image_spawner/share/image_spawner/local_setup.bash
-- Installing: /home/ros_sandbox/ros_sandbox/workspace/src/install/image_spawner/share/image_spawner/local_setup.sh
-- Installing: /home/ros_sandbox/ros_sandbox/workspace/src/install/image_spawner/share/image_spawner/local_setup.zsh
-- Installing: /home/ros_sandbox/ros_sandbox/workspace/src/install/image_spawner/share/image_spawner/local_setup.dsv
-- Installing: /home/ros_sandbox/ros_sandbox/workspace/src/install/image_spawner/share/image_spawner/package.dsv
-- Installing: /home/ros_sandbox/ros_sandbox/workspace/src/install/image_spawner/share/ament_index/resource_index/packages/image_spawner
-- Installing: /home/ros_sandbox/ros_sandbox/workspace/src/install/image_spawner/share/image_spawner/cmake/image_spawnerConfig.cmake
-- Installing: /home/ros_sandbox/ros_sandbox/workspace/src/install/image_spawner/share/image_spawner/cmake/image_spawnerConfig-version.cmake
-- Installing: /home/ros_sandbox/ros_sandbox/workspace/src/install/image_spawner/share/image_spawner/package.xml
