[0.019s] Invoking command in '/home/ros_sandbox/ros_sandbox/workspace/src/build/image_spawner': CMAKE_PREFIX_PATH=${CMAKE_PREFIX_PATH}:/opt/ros/galactic /usr/bin/cmake /home/ros_sandbox/ros_sandbox/workspace/src/image_spawner -DCMAKE_INSTALL_PREFIX=/home/ros_sandbox/ros_sandbox/workspace/src/install/image_spawner
[0.156s] -- The C compiler identification is GNU 9.3.0
[0.281s] -- The CXX compiler identification is GNU 9.3.0
[0.287s] -- Check for working C compiler: /usr/bin/cc
[0.360s] -- Check for working C compiler: /usr/bin/cc -- works
[0.361s] -- Detecting C compiler ABI info
[0.444s] -- Detecting C compiler ABI info - done
[0.456s] -- Detecting C compile features
[0.457s] -- Detecting C compile features - done
[0.458s] -- Check for working CXX compiler: /usr/bin/c++
[0.543s] -- Check for working CXX compiler: /usr/bin/c++ -- works
[0.545s] -- Detecting CXX compiler ABI info
[0.632s] -- Detecting CXX compiler ABI info - done
[0.645s] -- Detecting CXX compile features
[0.645s] -- Detecting CXX compile features - done
[0.647s] -- Found ament_cmake: 1.1.5 (/opt/ros/galactic/share/ament_cmake/cmake)
[0.671s] -- Found PythonInterp: /usr/bin/python3 (found suitable version "3.8.10", minimum required is "3") 
[0.671s] -- Using PYTHON_EXECUTABLE: /usr/bin/python3
[0.748s] -- Found ament_lint_auto: 0.10.6 (/opt/ros/galactic/share/ament_lint_auto/cmake)
[0.811s] -- Added test 'cppcheck' to perform static code analysis on C / C++ code
[0.811s] -- Configured cppcheck include dirs: 
[0.811s] -- Configured cppcheck exclude dirs and/or files: 
[0.812s] -- Added test 'lint_cmake' to check CMake code style
[0.813s] -- Added test 'uncrustify' to check C / C++ code style
[0.813s] -- Configured uncrustify additional arguments: 
[0.813s] -- Added test 'xmllint' to check XML markup files
[0.815s] -- Configuring done
[0.816s] -- Generating done
[0.817s] -- Build files have been written to: /home/ros_sandbox/ros_sandbox/workspace/src/build/image_spawner
[0.821s] Invoked command in '/home/ros_sandbox/ros_sandbox/workspace/src/build/image_spawner' returned '0': CMAKE_PREFIX_PATH=${CMAKE_PREFIX_PATH}:/opt/ros/galactic /usr/bin/cmake /home/ros_sandbox/ros_sandbox/workspace/src/image_spawner -DCMAKE_INSTALL_PREFIX=/home/ros_sandbox/ros_sandbox/workspace/src/install/image_spawner
[0.825s] Invoking command in '/home/ros_sandbox/ros_sandbox/workspace/src/build/image_spawner': CMAKE_PREFIX_PATH=${CMAKE_PREFIX_PATH}:/opt/ros/galactic /usr/bin/cmake --build /home/ros_sandbox/ros_sandbox/workspace/src/build/image_spawner -- -j48 -l48
[0.867s] Invoked command in '/home/ros_sandbox/ros_sandbox/workspace/src/build/image_spawner' returned '0': CMAKE_PREFIX_PATH=${CMAKE_PREFIX_PATH}:/opt/ros/galactic /usr/bin/cmake --build /home/ros_sandbox/ros_sandbox/workspace/src/build/image_spawner -- -j48 -l48
[0.905s] Invoking command in '/home/ros_sandbox/ros_sandbox/workspace/src/build/image_spawner': CMAKE_PREFIX_PATH=${CMAKE_PREFIX_PATH}:/opt/ros/galactic /usr/bin/cmake --install /home/ros_sandbox/ros_sandbox/workspace/src/build/image_spawner
[0.914s] -- Install configuration: ""
[0.914s] -- Installing: /home/ros_sandbox/ros_sandbox/workspace/src/install/image_spawner/share/ament_index/resource_index/package_run_dependencies/image_spawner
[0.914s] -- Installing: /home/ros_sandbox/ros_sandbox/workspace/src/install/image_spawner/share/ament_index/resource_index/parent_prefix_path/image_spawner
[0.915s] -- Installing: /home/ros_sandbox/ros_sandbox/workspace/src/install/image_spawner/share/image_spawner/environment/ament_prefix_path.sh
[0.915s] -- Installing: /home/ros_sandbox/ros_sandbox/workspace/src/install/image_spawner/share/image_spawner/environment/ament_prefix_path.dsv
[0.915s] -- Installing: /home/ros_sandbox/ros_sandbox/workspace/src/install/image_spawner/share/image_spawner/environment/path.sh
[0.915s] -- Installing: /home/ros_sandbox/ros_sandbox/workspace/src/install/image_spawner/share/image_spawner/environment/path.dsv
[0.915s] -- Installing: /home/ros_sandbox/ros_sandbox/workspace/src/install/image_spawner/share/image_spawner/local_setup.bash
[0.915s] -- Installing: /home/ros_sandbox/ros_sandbox/workspace/src/install/image_spawner/share/image_spawner/local_setup.sh
[0.916s] -- Installing: /home/ros_sandbox/ros_sandbox/workspace/src/install/image_spawner/share/image_spawner/local_setup.zsh
[0.916s] -- Installing: /home/ros_sandbox/ros_sandbox/workspace/src/install/image_spawner/share/image_spawner/local_setup.dsv
[0.916s] -- Installing: /home/ros_sandbox/ros_sandbox/workspace/src/install/image_spawner/share/image_spawner/package.dsv
[0.916s] -- Installing: /home/ros_sandbox/ros_sandbox/workspace/src/install/image_spawner/share/ament_index/resource_index/packages/image_spawner
[0.916s] -- Installing: /home/ros_sandbox/ros_sandbox/workspace/src/install/image_spawner/share/image_spawner/cmake/image_spawnerConfig.cmake
[0.916s] -- Installing: /home/ros_sandbox/ros_sandbox/workspace/src/install/image_spawner/share/image_spawner/cmake/image_spawnerConfig-version.cmake
[0.916s] -- Installing: /home/ros_sandbox/ros_sandbox/workspace/src/install/image_spawner/share/image_spawner/package.xml
[0.918s] Invoked command in '/home/ros_sandbox/ros_sandbox/workspace/src/build/image_spawner' returned '0': CMAKE_PREFIX_PATH=${CMAKE_PREFIX_PATH}:/opt/ros/galactic /usr/bin/cmake --install /home/ros_sandbox/ros_sandbox/workspace/src/build/image_spawner
