[0.012s] Invoking command in '/home/ros_sandbox/ros_sandbox/workspace/build/image_receiver': CMAKE_PREFIX_PATH=${CMAKE_PREFIX_PATH}:/opt/ros/humble /usr/bin/cmake /home/ros_sandbox/ros_sandbox/workspace/src/image_receiver -DCMAKE_INSTALL_PREFIX=/home/ros_sandbox/ros_sandbox/workspace/install/image_receiver
[0.027s] -- Found ament_cmake: 1.3.2 (/opt/ros/humble/share/ament_cmake/cmake)
[0.141s] -- Found rclcpp: 16.0.1 (/opt/ros/humble/share/rclcpp/cmake)
[0.162s] -- Found rosidl_generator_c: 3.1.3 (/opt/ros/humble/share/rosidl_generator_c/cmake)
[0.164s] -- Found rosidl_adapter: 3.1.3 (/opt/ros/humble/share/rosidl_adapter/cmake)
[0.169s] -- Found rosidl_generator_cpp: 3.1.3 (/opt/ros/humble/share/rosidl_generator_cpp/cmake)
[0.178s] -- Using all available rosidl_typesupport_c: rosidl_typesupport_fastrtps_c;rosidl_typesupport_introspection_c
[0.192s] -- Using all available rosidl_typesupport_cpp: rosidl_typesupport_fastrtps_cpp;rosidl_typesupport_introspection_cpp
[0.240s] -- Found rmw_implementation_cmake: 6.1.0 (/opt/ros/humble/share/rmw_implementation_cmake/cmake)
[0.241s] -- Found rmw_fastrtps_cpp: 6.2.1 (/opt/ros/humble/share/rmw_fastrtps_cpp/cmake)
[0.337s] -- Using RMW implementation 'rmw_fastrtps_cpp' as default
[0.467s] -- Found ament_lint_auto: 0.12.4 (/opt/ros/humble/share/ament_lint_auto/cmake)
[0.524s] -- Added test 'cppcheck' to perform static code analysis on C / C++ code
[0.524s] -- Configured cppcheck include dirs: 
[0.524s] -- Configured cppcheck exclude dirs and/or files: 
[0.524s] -- Added test 'lint_cmake' to check CMake code style
[0.525s] -- Added test 'uncrustify' to check C / C++ code style
[0.525s] -- Configured uncrustify additional arguments: 
[0.525s] -- Added test 'xmllint' to check XML markup files
[0.526s] -- Configuring done
[0.528s] [31mCMake Error at CMakeLists.txt:13 (add_executable):
[0.528s]   Cannot find source file:
[0.528s] 
[0.528s]     src/image_receiver/src/image_receiver.cpp
[0.528s] 
[0.528s]   Tried extensions .c .C .c++ .cc .cpp .cxx .cu .mpp .m .M .mm .ixx .cppm .h
[0.529s]   .hh .h++ .hm .hpp .hxx .in .txx .f .F .for .f77 .f90 .f95 .f03 .hip .ispc
[0.529s] 
[0.529s] [0m
[0.529s] [31mCMake Error at CMakeLists.txt:13 (add_executable):
[0.529s]   No SOURCES given to target: image_receiver
[0.529s] 
[0.529s] [0m
[0.529s] [0mCMake Generate step failed.  Build files cannot be regenerated correctly.[0m
[0.534s] Invoked command in '/home/ros_sandbox/ros_sandbox/workspace/build/image_receiver' returned '1': CMAKE_PREFIX_PATH=${CMAKE_PREFIX_PATH}:/opt/ros/humble /usr/bin/cmake /home/ros_sandbox/ros_sandbox/workspace/src/image_receiver -DCMAKE_INSTALL_PREFIX=/home/ros_sandbox/ros_sandbox/workspace/install/image_receiver
