[0.016s] Invoking command in '/home/ros_sandbox/ros_sandbox/workspace/build/cpp_pubsub': CMAKE_PREFIX_PATH=${CMAKE_PREFIX_PATH}:/opt/ros/humble /usr/bin/cmake --build /home/ros_sandbox/ros_sandbox/workspace/build/cpp_pubsub -- -j48 -l48
[0.052s] [35m[1mConsolidate compiler generated dependencies of target talker[0m
[0.056s] [35m[1mConsolidate compiler generated dependencies of target listener[0m
[0.069s] [ 50%] Built target talker
[0.076s] [100%] Built target listener
[0.085s] Invoked command in '/home/ros_sandbox/ros_sandbox/workspace/build/cpp_pubsub' returned '0': CMAKE_PREFIX_PATH=${CMAKE_PREFIX_PATH}:/opt/ros/humble /usr/bin/cmake --build /home/ros_sandbox/ros_sandbox/workspace/build/cpp_pubsub -- -j48 -l48
[0.118s] Invoking command in '/home/ros_sandbox/ros_sandbox/workspace/build/cpp_pubsub': CMAKE_PREFIX_PATH=${CMAKE_PREFIX_PATH}:/opt/ros/humble /usr/bin/cmake --install /home/ros_sandbox/ros_sandbox/workspace/build/cpp_pubsub
[0.126s] -- Install configuration: ""
[0.126s] -- Up-to-date: /home/ros_sandbox/ros_sandbox/workspace/install/cpp_pubsub/lib/cpp_pubsub/talker
[0.126s] -- Up-to-date: /home/ros_sandbox/ros_sandbox/workspace/install/cpp_pubsub/lib/cpp_pubsub/listener
[0.126s] -- Up-to-date: /home/ros_sandbox/ros_sandbox/workspace/install/cpp_pubsub/share/ament_index/resource_index/package_run_dependencies/cpp_pubsub
[0.126s] -- Up-to-date: /home/ros_sandbox/ros_sandbox/workspace/install/cpp_pubsub/share/ament_index/resource_index/parent_prefix_path/cpp_pubsub
[0.127s] -- Up-to-date: /home/ros_sandbox/ros_sandbox/workspace/install/cpp_pubsub/share/cpp_pubsub/environment/ament_prefix_path.sh
[0.127s] -- Up-to-date: /home/ros_sandbox/ros_sandbox/workspace/install/cpp_pubsub/share/cpp_pubsub/environment/ament_prefix_path.dsv
[0.127s] -- Up-to-date: /home/ros_sandbox/ros_sandbox/workspace/install/cpp_pubsub/share/cpp_pubsub/environment/path.sh
[0.127s] -- Up-to-date: /home/ros_sandbox/ros_sandbox/workspace/install/cpp_pubsub/share/cpp_pubsub/environment/path.dsv
[0.127s] -- Up-to-date: /home/ros_sandbox/ros_sandbox/workspace/install/cpp_pubsub/share/cpp_pubsub/local_setup.bash
[0.127s] -- Up-to-date: /home/ros_sandbox/ros_sandbox/workspace/install/cpp_pubsub/share/cpp_pubsub/local_setup.sh
[0.127s] -- Up-to-date: /home/ros_sandbox/ros_sandbox/workspace/install/cpp_pubsub/share/cpp_pubsub/local_setup.zsh
[0.127s] -- Up-to-date: /home/ros_sandbox/ros_sandbox/workspace/install/cpp_pubsub/share/cpp_pubsub/local_setup.dsv
[0.128s] -- Installing: /home/ros_sandbox/ros_sandbox/workspace/install/cpp_pubsub/share/cpp_pubsub/package.dsv
[0.128s] -- Up-to-date: /home/ros_sandbox/ros_sandbox/workspace/install/cpp_pubsub/share/ament_index/resource_index/packages/cpp_pubsub
[0.128s] -- Up-to-date: /home/ros_sandbox/ros_sandbox/workspace/install/cpp_pubsub/share/cpp_pubsub/cmake/cpp_pubsubConfig.cmake
[0.128s] -- Up-to-date: /home/ros_sandbox/ros_sandbox/workspace/install/cpp_pubsub/share/cpp_pubsub/cmake/cpp_pubsubConfig-version.cmake
[0.128s] -- Up-to-date: /home/ros_sandbox/ros_sandbox/workspace/install/cpp_pubsub/share/cpp_pubsub/package.xml
[0.129s] Invoked command in '/home/ros_sandbox/ros_sandbox/workspace/build/cpp_pubsub' returned '0': CMAKE_PREFIX_PATH=${CMAKE_PREFIX_PATH}:/opt/ros/humble /usr/bin/cmake --install /home/ros_sandbox/ros_sandbox/workspace/build/cpp_pubsub
